<?xml version="1.0" encoding="UTF-8"?>
<!-- Generated by org.testng.reporters.JUnitXMLReporter -->
<testsuite ignored="31" hostname="ARP-435" failures="2" tests="2" name="Default test" time="0.02" errors="0" timestamp="02 Nov 2021 04:05:39 GMT">
  <testcase classname="tests.SmokeTestsSuite3" name="Request_quote" time="0.0">
    <failure type="org.testng.TestNGException" message="
Parameter &amp;apos;username3&amp;apos; is required by @Test on method Request_quote but has not been marked @Optional or defined
in C:\Users\ayer.shuja\AppData\Local\Temp\testng-eclipse-1649880456\testng-customsuite.xml">
      <![CDATA[org.testng.TestNGException: Parameter 'username3' is required by @Test on method Request_quote but has not been marked @Optional or definedin C:\Users\ayer.shuja\AppData\Local\Temp\testng-eclipse-1649880456\testng-customsuite.xmlat org.testng.internal.Parameters.createParams(Parameters.java:290)at org.testng.internal.Parameters.createParametersForMethod(Parameters.java:359)at org.testng.internal.Parameters.createParameters(Parameters.java:620)at org.testng.internal.Parameters.handleParameters(Parameters.java:769)at org.testng.internal.ParameterHandler.handleParameters(ParameterHandler.java:49)at org.testng.internal.ParameterHandler.createParameters(ParameterHandler.java:37)at org.testng.internal.Invoker.invokeTestMethods(Invoker.java:914)at org.testng.internal.TestMethodWorker.invokeTestMethods(TestMethodWorker.java:125)at org.testng.internal.TestMethodWorker.run(TestMethodWorker.java:109)at org.testng.TestRunner.privateRun(TestRunner.java:648)at org.testng.TestRunner.run(TestRunner.java:505)at org.testng.SuiteRunner.runTest(SuiteRunner.java:455)at org.testng.SuiteRunner.runSequentially(SuiteRunner.java:450)at org.testng.SuiteRunner.privateRun(SuiteRunner.java:415)at org.testng.SuiteRunner.run(SuiteRunner.java:364)at org.testng.SuiteRunnerWorker.runSuite(SuiteRunnerWorker.java:52)at org.testng.SuiteRunnerWorker.run(SuiteRunnerWorker.java:84)at org.testng.TestNG.runSuitesSequentially(TestNG.java:1187)at org.testng.TestNG.runSuitesLocally(TestNG.java:1116)at org.testng.TestNG.runSuites(TestNG.java:1028)at org.testng.TestNG.run(TestNG.java:996)at org.testng.remote.AbstractRemoteTestNG.run(AbstractRemoteTestNG.java:115)at org.testng.remote.RemoteTestNG.initAndRun(RemoteTestNG.java:251)at org.testng.remote.RemoteTestNG.main(RemoteTestNG.java:77)]]>
    </failure>
  </testcase> <!-- Request_quote -->
  <testcase classname="tests.SmokeTestsSuite3" name="VerifyInvoicesReportMactchesRecord" time="0.0">
    <failure type="org.testng.TestNGException" message="
Parameter &amp;apos;url&amp;apos; is required by @Test on method VerifyInvoicesReportMactchesRecord but has not been marked @Optional or defined
in C:\Users\ayer.shuja\AppData\Local\Temp\testng-eclipse-1649880456\testng-customsuite.xml">
      <![CDATA[org.testng.TestNGException: Parameter 'url' is required by @Test on method VerifyInvoicesReportMactchesRecord but has not been marked @Optional or definedin C:\Users\ayer.shuja\AppData\Local\Temp\testng-eclipse-1649880456\testng-customsuite.xmlat org.testng.internal.Parameters.createParams(Parameters.java:290)at org.testng.internal.Parameters.createParametersForMethod(Parameters.java:359)at org.testng.internal.Parameters.createParameters(Parameters.java:620)at org.testng.internal.Parameters.handleParameters(Parameters.java:769)at org.testng.internal.ParameterHandler.handleParameters(ParameterHandler.java:49)at org.testng.internal.ParameterHandler.createParameters(ParameterHandler.java:37)at org.testng.internal.Invoker.invokeTestMethods(Invoker.java:914)at org.testng.internal.TestMethodWorker.invokeTestMethods(TestMethodWorker.java:125)at org.testng.internal.TestMethodWorker.run(TestMethodWorker.java:109)at org.testng.TestRunner.privateRun(TestRunner.java:648)at org.testng.TestRunner.run(TestRunner.java:505)at org.testng.SuiteRunner.runTest(SuiteRunner.java:455)at org.testng.SuiteRunner.runSequentially(SuiteRunner.java:450)at org.testng.SuiteRunner.privateRun(SuiteRunner.java:415)at org.testng.SuiteRunner.run(SuiteRunner.java:364)at org.testng.SuiteRunnerWorker.runSuite(SuiteRunnerWorker.java:52)at org.testng.SuiteRunnerWorker.run(SuiteRunnerWorker.java:84)at org.testng.TestNG.runSuitesSequentially(TestNG.java:1187)at org.testng.TestNG.runSuitesLocally(TestNG.java:1116)at org.testng.TestNG.runSuites(TestNG.java:1028)at org.testng.TestNG.run(TestNG.java:996)at org.testng.remote.AbstractRemoteTestNG.run(AbstractRemoteTestNG.java:115)at org.testng.remote.RemoteTestNG.initAndRun(RemoteTestNG.java:251)at org.testng.remote.RemoteTestNG.main(RemoteTestNG.java:77)]]>
    </failure>
  </testcase> <!-- VerifyInvoicesReportMactchesRecord -->
  <testcase classname="tests.SmokeTestsSuite3" name="VerifyCreateOrderAfterQUOTE" time="0.0">
    <ignored/>
  </testcase> <!-- VerifyCreateOrderAfterQUOTE -->
  <testcase classname="tests.SmokeTestsSuite3" name="VerifyexportoptionandSelect" time="0.0">
    <ignored/>
  </testcase> <!-- VerifyexportoptionandSelect -->
  <testcase classname="tests.SmokeTestsSuite3" name="VerifymultipleproductsinQuote" time="0.0">
    <ignored/>
  </testcase> <!-- VerifymultipleproductsinQuote -->
  <testcase classname="tests.SmokeTestsSuite3" name="Validate_Delete_button" time="0.0">
    <ignored/>
  </testcase> <!-- Validate_Delete_button -->
  <testcase classname="tests.SmokeTestsSuite3" name="PONum_clickable" time="0.0">
    <ignored/>
  </testcase> <!-- PONum_clickable -->
  <testcase classname="tests.SmokeTestsSuite3" name="AllProductScenario1" time="0.0">
    <ignored/>
  </testcase> <!-- AllProductScenario1 -->
  <testcase classname="tests.SmokeTestsSuite3" name="SpecialOffer_PageToBeOpen" time="0.0">
    <ignored/>
  </testcase> <!-- SpecialOffer_PageToBeOpen -->
  <testcase classname="tests.SmokeTestsSuite3" name="VerifyEditQuote" time="0.0">
    <ignored/>
  </testcase> <!-- VerifyEditQuote -->
  <testcase classname="tests.SmokeTestsSuite3" name="Resource_ResourceAndScrollDownAndSelect" time="0.0">
    <ignored/>
  </testcase> <!-- Resource_ResourceAndScrollDownAndSelect -->
  <testcase classname="tests.SmokeTestsSuite3" name="Calendar_Monthly_count_andCountNumberoftotalEndoflifeAndCompare" time="0.0">
    <ignored/>
  </testcase> <!-- Calendar_Monthly_count_andCountNumberoftotalEndoflifeAndCompare -->
  <testcase classname="tests.SmokeTestsSuite3" name="VerifyInvoicesReport" time="0.0">
    <ignored/>
  </testcase> <!-- VerifyInvoicesReport -->
  <testcase classname="tests.SmokeTestsSuite3" name="Create_quote_FromProductListing" time="0.0">
    <ignored/>
  </testcase> <!-- Create_quote_FromProductListing -->
  <testcase classname="tests.SmokeTestsSuite3" name="Calendar_Monthly_count_andCountNumberoftotalEndoflife" time="0.0">
    <ignored/>
  </testcase> <!-- Calendar_Monthly_count_andCountNumberoftotalEndoflife -->
  <testcase classname="tests.SmokeTestsSuite3" name="Contact_us" time="0.0">
    <ignored/>
  </testcase> <!-- Contact_us -->
  <testcase classname="tests.SmokeTestsSuite3" name="Validate_download_button" time="0.0">
    <ignored/>
  </testcase> <!-- Validate_download_button -->
  <testcase classname="tests.SmokeTestsSuite3" name="VerifyInvoicesScheduleReport" time="0.0">
    <ignored/>
  </testcase> <!-- VerifyInvoicesScheduleReport -->
  <testcase classname="tests.SmokeTestsSuite3" name="Calendar_Monthly_count_one_Manufacturer" time="0.0">
    <ignored/>
  </testcase> <!-- Calendar_Monthly_count_one_Manufacturer -->
  <testcase classname="tests.SmokeTestsSuite3" name="AllProductSubCategory" time="0.0">
    <ignored/>
  </testcase> <!-- AllProductSubCategory -->
  <testcase classname="tests.SmokeTestsSuite3" name="Calendar_Monthly_ViewManufacturer_Warranties_Expiring" time="0.0">
    <ignored/>
  </testcase> <!-- Calendar_Monthly_ViewManufacturer_Warranties_Expiring -->
  <testcase classname="tests.SmokeTestsSuite3" name="VerifyInvoicesReportEdit" time="0.0">
    <ignored/>
  </testcase> <!-- VerifyInvoicesReportEdit -->
  <testcase classname="tests.SmokeTestsSuite3" name="VerifyCreateOrderandDeleteQuoteButton" time="0.0">
    <ignored/>
  </testcase> <!-- VerifyCreateOrderandDeleteQuoteButton -->
  <testcase classname="tests.SmokeTestsSuite3" name="VerifyInvoicesRandomSelection" time="0.0">
    <ignored/>
  </testcase> <!-- VerifyInvoicesRandomSelection -->
  <testcase classname="tests.SmokeTestsSuite3" name="VerifClickOnAssestReport" time="0.0">
    <ignored/>
  </testcase> <!-- VerifClickOnAssestReport -->
  <testcase classname="tests.SmokeTestsSuite3" name="AllProductViewAllCategories" time="0.0">
    <ignored/>
  </testcase> <!-- AllProductViewAllCategories -->
  <testcase classname="tests.SmokeTestsSuite3" name="Brand_FeatureBrands" time="0.0">
    <ignored/>
  </testcase> <!-- Brand_FeatureBrands -->
  <testcase classname="tests.SmokeTestsSuite3" name="VerifTheSubscribeToCalandars" time="0.0">
    <ignored/>
  </testcase> <!-- VerifTheSubscribeToCalandars -->
  <testcase classname="tests.SmokeTestsSuite3" name="VerifClickOnEditButtonAndfrequencytomonthly" time="0.0">
    <ignored/>
  </testcase> <!-- VerifClickOnEditButtonAndfrequencytomonthly -->
  <testcase classname="tests.SmokeTestsSuite3" name="Validate_Email_button" time="0.0">
    <ignored/>
  </testcase> <!-- Validate_Email_button -->
  <testcase classname="tests.SmokeTestsSuite3" name="VerifClickOnEditButton" time="0.0">
    <ignored/>
  </testcase> <!-- VerifClickOnEditButton -->
  <testcase classname="tests.SmokeTestsSuite3" name="Brand_RandomlySelectBrand" time="0.0">
    <ignored/>
  </testcase> <!-- Brand_RandomlySelectBrand -->
  <testcase classname="tests.SmokeTestsSuite3" name="CreatePARAfterQUOTE" time="0.0">
    <ignored/>
  </testcase> <!-- CreatePARAfterQUOTE -->
</testsuite> <!-- Default test -->
