<?xml version="1.0" encoding="UTF-8"?>
<!-- Generated by org.testng.reporters.JUnitXMLReporter -->
<testsuite hostname="ARP-260" ignored="17" name="Validate Regression Tests" tests="1" failures="1" timestamp="04 Feb 2020 09:24:20 GMT" time="137.84" errors="0">
  <testcase name="MT839" time="137.816" classname="tests.OldRegressionTests">
    <failure type="org.openqa.selenium.ElementClickInterceptedException" message="element click intercepted: Element &amp;lt;a href=&amp;quot;javascript:void(0)&amp;quot; class=&amp;quot;btn retire-asset&amp;quot;&amp;gt;...&amp;lt;/a&amp;gt; is not clickable at point (1148, 597). Other element would receive the click: &amp;lt;div class=&amp;quot;mfp-container mfp-inline-holder&amp;quot;&amp;gt;...&amp;lt;/div&amp;gt;
  (Session info: chrome=79.0.3945.130)
Build info: version: &amp;apos;3.141.59&amp;apos;, revision: &amp;apos;e82be7d358&amp;apos;, time: &amp;apos;2018-11-14T08:17:03&amp;apos;
System info: host: &amp;apos;ARP-260&amp;apos;, ip: &amp;apos;10.0.75.1&amp;apos;, os.name: &amp;apos;Windows 10&amp;apos;, os.arch: &amp;apos;amd64&amp;apos;, os.version: &amp;apos;10.0&amp;apos;, java.version: &amp;apos;1.8.0_231&amp;apos;
Driver info: org.openqa.selenium.chrome.ChromeDriver
Capabilities {acceptInsecureCerts: false, browserName: chrome, browserVersion: 79.0.3945.130, chrome: {chromedriverVersion: 78.0.3904.70 (edb9c9f3de024..., userDataDir: C:\Users\SAIMA~1.TAB\AppDat...}, goog:chromeOptions: {debuggerAddress: localhost:57254}, javascriptEnabled: true, networkConnectionEnabled: false, pageLoadStrategy: normal, platform: XP, platformName: XP, proxy: Proxy(), setWindowRect: true, strictFileInteractability: false, timeouts: {implicit: 0, pageLoad: 300000, script: 30000}, unhandledPromptBehavior: dismiss and notify}
Session ID: 0d57e501901be26f73214ab37f021129">
      <![CDATA[org.openqa.selenium.ElementClickInterceptedException: element click intercepted: Element <a href="javascript:void(0)" class="btn retire-asset">...</a> is not clickable at point (1148, 597). Other element would receive the click: <div class="mfp-container mfp-inline-holder">...</div>  (Session info: chrome=79.0.3945.130)Build info: version: '3.141.59', revision: 'e82be7d358', time: '2018-11-14T08:17:03'System info: host: 'ARP-260', ip: '10.0.75.1', os.name: 'Windows 10', os.arch: 'amd64', os.version: '10.0', java.version: '1.8.0_231'Driver info: org.openqa.selenium.chrome.ChromeDriverCapabilities {acceptInsecureCerts: false, browserName: chrome, browserVersion: 79.0.3945.130, chrome: {chromedriverVersion: 78.0.3904.70 (edb9c9f3de024..., userDataDir: C:\Users\SAIMA~1.TAB\AppDat...}, goog:chromeOptions: {debuggerAddress: localhost:57254}, javascriptEnabled: true, networkConnectionEnabled: false, pageLoadStrategy: normal, platform: XP, platformName: XP, proxy: Proxy(), setWindowRect: true, strictFileInteractability: false, timeouts: {implicit: 0, pageLoad: 300000, script: 30000}, unhandledPromptBehavior: dismiss and notify}Session ID: 0d57e501901be26f73214ab37f021129at org.openqa.selenium.remote.http.W3CHttpResponseCodec.createException(W3CHttpResponseCodec.java:187)at org.openqa.selenium.remote.http.W3CHttpResponseCodec.decode(W3CHttpResponseCodec.java:122)at org.openqa.selenium.remote.http.W3CHttpResponseCodec.decode(W3CHttpResponseCodec.java:49)at org.openqa.selenium.remote.HttpCommandExecutor.execute(HttpCommandExecutor.java:158)at org.openqa.selenium.remote.service.DriverCommandExecutor.execute(DriverCommandExecutor.java:83)at org.openqa.selenium.remote.RemoteWebDriver.execute(RemoteWebDriver.java:552)at org.openqa.selenium.remote.RemoteWebElement.execute(RemoteWebElement.java:285)at org.openqa.selenium.remote.RemoteWebElement.click(RemoteWebElement.java:84)at tests.OldRegressionTests.MT839(OldRegressionTests.java:453)... Removed 29 stack frames]]>
    </failure>
  </testcase> <!-- MT839 -->
  <testcase name="MT1528" time="0.0" classname="tests.OldRegressionTests">
    <ignored/>
  </testcase> <!-- MT1528 -->
  <testcase name="MT1519" time="0.0" classname="tests.OldRegressionTests">
    <ignored/>
  </testcase> <!-- MT1519 -->
  <testcase name="MT731" time="0.0" classname="tests.OldRegressionTests">
    <ignored/>
  </testcase> <!-- MT731 -->
  <testcase name="MT1527" time="0.0" classname="tests.OldRegressionTests">
    <ignored/>
  </testcase> <!-- MT1527 -->
  <testcase name="MT1520" time="0.0" classname="tests.OldRegressionTests">
    <ignored/>
  </testcase> <!-- MT1520 -->
  <testcase name="MT730" time="0.0" classname="tests.OldRegressionTests">
    <ignored/>
  </testcase> <!-- MT730 -->
  <testcase name="MT840" time="0.0" classname="tests.OldRegressionTests">
    <ignored/>
  </testcase> <!-- MT840 -->
  <testcase name="MT1535" time="0.0" classname="tests.OldRegressionTests">
    <ignored/>
  </testcase> <!-- MT1535 -->
  <testcase name="MT1521" time="0.0" classname="tests.OldRegressionTests">
    <ignored/>
  </testcase> <!-- MT1521 -->
  <testcase name="MT729" time="0.0" classname="tests.OldRegressionTests">
    <ignored/>
  </testcase> <!-- MT729 -->
  <testcase name="MT1522" time="0.0" classname="tests.OldRegressionTests">
    <ignored/>
  </testcase> <!-- MT1522 -->
  <testcase name="MT728" time="0.0" classname="tests.OldRegressionTests">
    <ignored/>
  </testcase> <!-- MT728 -->
  <testcase name="MT838" time="0.0" classname="tests.OldRegressionTests">
    <ignored/>
  </testcase> <!-- MT838 -->
  <testcase name="MT1525" time="0.0" classname="tests.OldRegressionTests">
    <ignored/>
  </testcase> <!-- MT1525 -->
  <testcase name="MT1526" time="0.0" classname="tests.OldRegressionTests">
    <ignored/>
  </testcase> <!-- MT1526 -->
  <testcase name="MT837" time="0.0" classname="tests.OldRegressionTests">
    <ignored/>
  </testcase> <!-- MT837 -->
  <testcase name="MT1534" time="0.0" classname="tests.OldRegressionTests">
    <ignored/>
  </testcase> <!-- MT1534 -->
</testsuite> <!-- Validate Regression Tests -->
