<?xml version="1.0" encoding="UTF-8"?>
<!-- Generated by org.testng.reporters.JUnitXMLReporter -->
<testsuite ignored="46" hostname="ARP-435" failures="2" tests="2" name="Validate Smoke Tests" time="57.308" errors="0" timestamp="17 Jan 2022 06:31:16 GMT">
  <testcase classname="tests.SmokeTestsSuite3" name="Request_quote" time="28.887">
    <failure type="org.openqa.selenium.WebDriverException" message="chrome not reachable
  (Session info: chrome=78.0.3904.70)
Build info: version: &amp;apos;3.141.59&amp;apos;, revision: &amp;apos;e82be7d358&amp;apos;, time: &amp;apos;2018-11-14T08:17:03&amp;apos;
System info: host: &amp;apos;ARP-435&amp;apos;, ip: &amp;apos;10.10.0.10&amp;apos;, os.name: &amp;apos;Windows 10&amp;apos;, os.arch: &amp;apos;amd64&amp;apos;, os.version: &amp;apos;10.0&amp;apos;, java.version: &amp;apos;16.0.1&amp;apos;
Driver info: org.openqa.selenium.chrome.ChromeDriver
Capabilities {acceptInsecureCerts: false, browserName: chrome, browserVersion: 78.0.3904.70, chrome: {chromedriverVersion: 78.0.3904.70 (edb9c9f3de024..., userDataDir: C:\Users\AYER~1.SHU\AppData...}, goog:chromeOptions: {debuggerAddress: localhost:63543}, javascriptEnabled: true, networkConnectionEnabled: false, pageLoadStrategy: normal, platform: XP, platformName: XP, proxy: Proxy(), setWindowRect: true, strictFileInteractability: false, timeouts: {implicit: 0, pageLoad: 300000, script: 30000}, unhandledPromptBehavior: dismiss and notify}
Session ID: b1a1947b78978a4ab65cabe545f7b744
*** Element info: {Using=xpath, value=//input[@name=&amp;apos;username&amp;apos;]}">
      <![CDATA[org.openqa.selenium.WebDriverException: chrome not reachable
  (Session info: chrome=78.0.3904.70)
Build info: version: '3.141.59', revision: 'e82be7d358', time: '2018-11-14T08:17:03'
System info: host: 'ARP-435', ip: '10.10.0.10', os.name: 'Windows 10', os.arch: 'amd64', os.version: '10.0', java.version: '16.0.1'
Driver info: org.openqa.selenium.chrome.ChromeDriver
Capabilities {acceptInsecureCerts: false, browserName: chrome, browserVersion: 78.0.3904.70, chrome: {chromedriverVersion: 78.0.3904.70 (edb9c9f3de024..., userDataDir: C:\Users\AYER~1.SHU\AppData...}, goog:chromeOptions: {debuggerAddress: localhost:63543}, javascriptEnabled: true, networkConnectionEnabled: false, pageLoadStrategy: normal, platform: XP, platformName: XP, proxy: Proxy(), setWindowRect: true, strictFileInteractability: false, timeouts: {implicit: 0, pageLoad: 300000, script: 30000}, unhandledPromptBehavior: dismiss and notify}
Session ID: b1a1947b78978a4ab65cabe545f7b744
*** Element info: {Using=xpath, value=//input[@name='username']}
at org.openqa.selenium.remote.http.W3CHttpResponseCodec.createException(W3CHttpResponseCodec.java:187)
at org.openqa.selenium.remote.http.W3CHttpResponseCodec.decode(W3CHttpResponseCodec.java:122)
at org.openqa.selenium.remote.http.W3CHttpResponseCodec.decode(W3CHttpResponseCodec.java:49)
at org.openqa.selenium.remote.HttpCommandExecutor.execute(HttpCommandExecutor.java:158)
at org.openqa.selenium.remote.service.DriverCommandExecutor.execute(DriverCommandExecutor.java:83)
at org.openqa.selenium.remote.RemoteWebDriver.execute(RemoteWebDriver.java:552)
at org.openqa.selenium.remote.RemoteWebDriver.findElement(RemoteWebDriver.java:323)
at org.openqa.selenium.remote.RemoteWebDriver.findElementByXPath(RemoteWebDriver.java:428)
at org.openqa.selenium.By$ByXPath.findElement(By.java:353)
at org.openqa.selenium.remote.RemoteWebDriver.findElement(RemoteWebDriver.java:315)
at Home.LoginPage.getusername(LoginPage.java:31)
at tests.SmokeTestsSuite3.Request_quote(SmokeTestsSuite3.java:142)
... Removed 30 stack frames]]>
    </failure>
  </testcase> <!-- Request_quote -->
  <testcase classname="tests.SmokeTestsSuite3" name="Request_quote" time="43.115">
    <failure type="org.openqa.selenium.WebDriverException" message="chrome not reachable
  (Session info: chrome=78.0.3904.70)
Build info: version: &amp;apos;3.141.59&amp;apos;, revision: &amp;apos;e82be7d358&amp;apos;, time: &amp;apos;2018-11-14T08:17:03&amp;apos;
System info: host: &amp;apos;ARP-435&amp;apos;, ip: &amp;apos;10.10.0.10&amp;apos;, os.name: &amp;apos;Windows 10&amp;apos;, os.arch: &amp;apos;amd64&amp;apos;, os.version: &amp;apos;10.0&amp;apos;, java.version: &amp;apos;16.0.1&amp;apos;
Driver info: org.openqa.selenium.chrome.ChromeDriver
Capabilities {acceptInsecureCerts: false, browserName: chrome, browserVersion: 78.0.3904.70, chrome: {chromedriverVersion: 78.0.3904.70 (edb9c9f3de024..., userDataDir: C:\Users\AYER~1.SHU\AppData...}, goog:chromeOptions: {debuggerAddress: localhost:63543}, javascriptEnabled: true, networkConnectionEnabled: false, pageLoadStrategy: normal, platform: XP, platformName: XP, proxy: Proxy(), setWindowRect: true, strictFileInteractability: false, timeouts: {implicit: 0, pageLoad: 300000, script: 30000}, unhandledPromptBehavior: dismiss and notify}
Session ID: b1a1947b78978a4ab65cabe545f7b744">
      <![CDATA[org.openqa.selenium.WebDriverException: chrome not reachable
  (Session info: chrome=78.0.3904.70)
Build info: version: '3.141.59', revision: 'e82be7d358', time: '2018-11-14T08:17:03'
System info: host: 'ARP-435', ip: '10.10.0.10', os.name: 'Windows 10', os.arch: 'amd64', os.version: '10.0', java.version: '16.0.1'
Driver info: org.openqa.selenium.chrome.ChromeDriver
Capabilities {acceptInsecureCerts: false, browserName: chrome, browserVersion: 78.0.3904.70, chrome: {chromedriverVersion: 78.0.3904.70 (edb9c9f3de024..., userDataDir: C:\Users\AYER~1.SHU\AppData...}, goog:chromeOptions: {debuggerAddress: localhost:63543}, javascriptEnabled: true, networkConnectionEnabled: false, pageLoadStrategy: normal, platform: XP, platformName: XP, proxy: Proxy(), setWindowRect: true, strictFileInteractability: false, timeouts: {implicit: 0, pageLoad: 300000, script: 30000}, unhandledPromptBehavior: dismiss and notify}
Session ID: b1a1947b78978a4ab65cabe545f7b744
at org.openqa.selenium.remote.http.W3CHttpResponseCodec.createException(W3CHttpResponseCodec.java:187)
at org.openqa.selenium.remote.http.W3CHttpResponseCodec.decode(W3CHttpResponseCodec.java:122)
at org.openqa.selenium.remote.http.W3CHttpResponseCodec.decode(W3CHttpResponseCodec.java:49)
at org.openqa.selenium.remote.HttpCommandExecutor.execute(HttpCommandExecutor.java:158)
at org.openqa.selenium.remote.service.DriverCommandExecutor.execute(DriverCommandExecutor.java:83)
at org.openqa.selenium.remote.RemoteWebDriver.execute(RemoteWebDriver.java:552)
at org.openqa.selenium.remote.RemoteWebDriver.execute(RemoteWebDriver.java:609)
at org.openqa.selenium.remote.RemoteWebDriver.getScreenshotAs(RemoteWebDriver.java:295)
at resources.base.getScreenshot(base.java:120)
at resources.listeners.onTestFailure(listeners.java:28)
... Removed 27 stack frames]]>
    </failure>
  </testcase> <!-- Request_quote -->
  <testcase classname="tests.SmokeTestsSuite3" name="VerifyShippedOrdersAppeared" time="0.0">
    <ignored/>
  </testcase> <!-- VerifyShippedOrdersAppeared -->
  <testcase classname="tests.SmokeTestsSuite3" name="VerifyPAREmailReport" time="0.0">
    <ignored/>
  </testcase> <!-- VerifyPAREmailReport -->
  <testcase classname="tests.SmokeTestsSuite3" name="VerifyQuoteFieldOptionAndSelectAllReport" time="0.0">
    <ignored/>
  </testcase> <!-- VerifyQuoteFieldOptionAndSelectAllReport -->
  <testcase classname="tests.SmokeTestsSuite3" name="VerifyRandomLySelect5Fields" time="0.0">
    <ignored/>
  </testcase> <!-- VerifyRandomLySelect5Fields -->
  <testcase classname="tests.SmokeTestsSuite3" name="VerifyexportoptionandSelect" time="0.0">
    <ignored/>
  </testcase> <!-- VerifyexportoptionandSelect -->
  <testcase classname="tests.SmokeTestsSuite3" name="VerifyPAREditScheduleReport" time="0.0">
    <ignored/>
  </testcase> <!-- VerifyPAREditScheduleReport -->
  <testcase classname="tests.SmokeTestsSuite3" name="NotVerifyPARRandomSelectionReport" time="0.0">
    <ignored/>
  </testcase> <!-- NotVerifyPARRandomSelectionReport -->
  <testcase classname="tests.SmokeTestsSuite3" name="VerifyQuoteFieldOptionAndRandomlySelectReport" time="0.0">
    <ignored/>
  </testcase> <!-- VerifyQuoteFieldOptionAndRandomlySelectReport -->
  <testcase classname="tests.SmokeTestsSuite3" name="SpecialOffer_PageToBeOpen" time="0.0">
    <ignored/>
  </testcase> <!-- SpecialOffer_PageToBeOpen -->
  <testcase classname="tests.SmokeTestsSuite3" name="VerifyPARAllFieldsReport" time="0.0">
    <ignored/>
  </testcase> <!-- VerifyPARAllFieldsReport -->
  <testcase classname="tests.SmokeTestsSuite3" name="Resource_ResourceAndScrollDownAndSelect" time="0.0">
    <ignored/>
  </testcase> <!-- Resource_ResourceAndScrollDownAndSelect -->
  <testcase classname="tests.SmokeTestsSuite3" name="VerifyPAREditRecord" time="0.0">
    <ignored/>
  </testcase> <!-- VerifyPAREditRecord -->
  <testcase classname="tests.SmokeTestsSuite3" name="Calendar_Monthly_count_andCountNumberoftotalEndoflifeAndCompare" time="0.0">
    <ignored/>
  </testcase> <!-- Calendar_Monthly_count_andCountNumberoftotalEndoflifeAndCompare -->
  <testcase classname="tests.SmokeTestsSuite3" name="VerifyPARRejectedRecord" time="0.0">
    <ignored/>
  </testcase> <!-- VerifyPARRejectedRecord -->
  <testcase classname="tests.SmokeTestsSuite3" name="VerifyViewFullOrderHistory" time="0.0">
    <ignored/>
  </testcase> <!-- VerifyViewFullOrderHistory -->
  <testcase classname="tests.SmokeTestsSuite3" name="VerifyBuyAgainInOrders" time="0.0">
    <ignored/>
  </testcase> <!-- VerifyBuyAgainInOrders -->
  <testcase classname="tests.SmokeTestsSuite3" name="VerifyQuoteEditButtonReport" time="0.0">
    <ignored/>
  </testcase> <!-- VerifyQuoteEditButtonReport -->
  <testcase classname="tests.SmokeTestsSuite3" name="VerifyPARReport" time="0.0">
    <ignored/>
  </testcase> <!-- VerifyPARReport -->
  <testcase classname="tests.SmokeTestsSuite3" name="VerifyInvoicesReport" time="0.0">
    <ignored/>
  </testcase> <!-- VerifyInvoicesReport -->
  <testcase classname="tests.SmokeTestsSuite3" name="VerifyQuoteExportOptionReport" time="0.0">
    <ignored/>
  </testcase> <!-- VerifyQuoteExportOptionReport -->
  <testcase classname="tests.SmokeTestsSuite3" name="Calendar_Monthly_count_andCountNumberoftotalEndoflife" time="0.0">
    <ignored/>
  </testcase> <!-- Calendar_Monthly_count_andCountNumberoftotalEndoflife -->
  <testcase classname="tests.SmokeTestsSuite3" name="VerifyViewOrdersVerifyOrders" time="0.0">
    <ignored/>
  </testcase> <!-- VerifyViewOrdersVerifyOrders -->
  <testcase classname="tests.SmokeTestsSuite3" name="VerifyInvoicesScheduleReport" time="0.0">
    <ignored/>
  </testcase> <!-- VerifyInvoicesScheduleReport -->
  <testcase classname="tests.SmokeTestsSuite3" name="VerifyThreeButtonAppears" time="0.0">
    <ignored/>
  </testcase> <!-- VerifyThreeButtonAppears -->
  <testcase classname="tests.SmokeTestsSuite3" name="VerifyPARRandomly5FieldsReport" time="0.0">
    <ignored/>
  </testcase> <!-- VerifyPARRandomly5FieldsReport -->
  <testcase classname="tests.SmokeTestsSuite3" name="VerifyViewOrdersButtonOnOredrs" time="0.0">
    <ignored/>
  </testcase> <!-- VerifyViewOrdersButtonOnOredrs -->
  <testcase classname="tests.SmokeTestsSuite3" name="Calendar_Monthly_count_one_Manufacturer" time="0.0">
    <ignored/>
  </testcase> <!-- Calendar_Monthly_count_one_Manufacturer -->
  <testcase classname="tests.SmokeTestsSuite3" name="VerifyViewOrdersForShippedOrders" time="0.0">
    <ignored/>
  </testcase> <!-- VerifyViewOrdersForShippedOrders -->
  <testcase classname="tests.SmokeTestsSuite3" name="Calendar_Monthly_ViewManufacturer_Warranties_Expiring" time="0.0">
    <ignored/>
  </testcase> <!-- Calendar_Monthly_ViewManufacturer_Warranties_Expiring -->
  <testcase classname="tests.SmokeTestsSuite3" name="VerifyInvoicesReportEdit" time="0.0">
    <ignored/>
  </testcase> <!-- VerifyInvoicesReportEdit -->
  <testcase classname="tests.SmokeTestsSuite3" name="VerifyPARExportOptionReport" time="0.0">
    <ignored/>
  </testcase> <!-- VerifyPARExportOptionReport -->
  <testcase classname="tests.SmokeTestsSuite3" name="VerifyInvoicesRandomSelection" time="0.0">
    <ignored/>
  </testcase> <!-- VerifyInvoicesRandomSelection -->
  <testcase classname="tests.SmokeTestsSuite3" name="VerifClickOnAssestReport" time="0.0">
    <ignored/>
  </testcase> <!-- VerifClickOnAssestReport -->
  <testcase classname="tests.SmokeTestsSuite3" name="VerifyQuoteReport" time="0.0">
    <ignored/>
  </testcase> <!-- VerifyQuoteReport -->
  <testcase classname="tests.SmokeTestsSuite3" name="Brand_FeatureBrands" time="0.0">
    <ignored/>
  </testcase> <!-- Brand_FeatureBrands -->
  <testcase classname="tests.SmokeTestsSuite3" name="VerifTheSubscribeToCalandars" time="0.0">
    <ignored/>
  </testcase> <!-- VerifTheSubscribeToCalandars -->
  <testcase classname="tests.SmokeTestsSuite3" name="VerifClickOnEditButtonAndfrequencytomonthly" time="0.0">
    <ignored/>
  </testcase> <!-- VerifClickOnEditButtonAndfrequencytomonthly -->
  <testcase classname="tests.SmokeTestsSuite3" name="VerifyOrdersReport" time="0.0">
    <ignored/>
  </testcase> <!-- VerifyOrdersReport -->
  <testcase classname="tests.SmokeTestsSuite3" name="VerifClickOnEditButton" time="0.0">
    <ignored/>
  </testcase> <!-- VerifClickOnEditButton -->
  <testcase classname="tests.SmokeTestsSuite3" name="VerifyQuoteScheduleReport" time="0.0">
    <ignored/>
  </testcase> <!-- VerifyQuoteScheduleReport -->
  <testcase classname="tests.SmokeTestsSuite3" name="VerifyViewInvoiceAndVerify" time="0.0">
    <ignored/>
  </testcase> <!-- VerifyViewInvoiceAndVerify -->
  <testcase classname="tests.SmokeTestsSuite3" name="VerifyInvoicesReportMactchesRecord" time="0.0">
    <ignored/>
  </testcase> <!-- VerifyInvoicesReportMactchesRecord -->
  <testcase classname="tests.SmokeTestsSuite3" name="Brand_RandomlySelectBrand" time="0.0">
    <ignored/>
  </testcase> <!-- Brand_RandomlySelectBrand -->
  <testcase classname="tests.SmokeTestsSuite3" name="VerifyPARApprovedRecord" time="0.0">
    <ignored/>
  </testcase> <!-- VerifyPARApprovedRecord -->
  <testcase classname="tests.SmokeTestsSuite3" name="VerifyOrderPage" time="0.0">
    <ignored/>
  </testcase> <!-- VerifyOrderPage -->
  <testcase classname="tests.SmokeTestsSuite3" name="VerifyViewOrdersForPast6MonthsOrders" time="0.0">
    <ignored/>
  </testcase> <!-- VerifyViewOrdersForPast6MonthsOrders -->
</testsuite> <!-- Validate Smoke Tests -->
