<?xml version="1.0" encoding="UTF-8"?>
<!-- Generated by org.testng.reporters.JUnitXMLReporter -->
<testsuite ignored="28" hostname="ARP-435" failures="1" tests="2" name="Validate Smoke Tests" time="130.813" errors="0" timestamp="15 Jul 2021 06:15:13 GMT">
  <testcase classname="tests.OldSmokeTests" name="ValidateLogin" time="110.288"/>
  <testcase classname="tests.OldSmokeTests" name="ValidateAudioCablesCategory" time="20.481">
    <failure type="org.openqa.selenium.ElementNotInteractableException" message="element not interactable
  (Session info: chrome=78.0.3904.70)
Build info: version: &amp;apos;3.141.59&amp;apos;, revision: &amp;apos;e82be7d358&amp;apos;, time: &amp;apos;2018-11-14T08:17:03&amp;apos;
System info: host: &amp;apos;ARP-435&amp;apos;, ip: &amp;apos;10.10.0.26&amp;apos;, os.name: &amp;apos;Windows 10&amp;apos;, os.arch: &amp;apos;amd64&amp;apos;, os.version: &amp;apos;10.0&amp;apos;, java.version: &amp;apos;16.0.1&amp;apos;
Driver info: org.openqa.selenium.chrome.ChromeDriver
Capabilities {acceptInsecureCerts: false, browserName: chrome, browserVersion: 78.0.3904.70, chrome: {chromedriverVersion: 78.0.3904.70 (edb9c9f3de024..., userDataDir: C:\Users\AYER~1.SHU\AppData...}, goog:chromeOptions: {debuggerAddress: localhost:52957}, javascriptEnabled: true, networkConnectionEnabled: false, pageLoadStrategy: normal, platform: XP, platformName: XP, proxy: Proxy(), setWindowRect: true, strictFileInteractability: false, timeouts: {implicit: 0, pageLoad: 300000, script: 30000}, unhandledPromptBehavior: dismiss and notify}
Session ID: 1762570dc5b8d539af3f645c3761ee97">
      <![CDATA[org.openqa.selenium.ElementNotInteractableException: element not interactable  (Session info: chrome=78.0.3904.70)Build info: version: '3.141.59', revision: 'e82be7d358', time: '2018-11-14T08:17:03'System info: host: 'ARP-435', ip: '10.10.0.26', os.name: 'Windows 10', os.arch: 'amd64', os.version: '10.0', java.version: '16.0.1'Driver info: org.openqa.selenium.chrome.ChromeDriverCapabilities {acceptInsecureCerts: false, browserName: chrome, browserVersion: 78.0.3904.70, chrome: {chromedriverVersion: 78.0.3904.70 (edb9c9f3de024..., userDataDir: C:\Users\AYER~1.SHU\AppData...}, goog:chromeOptions: {debuggerAddress: localhost:52957}, javascriptEnabled: true, networkConnectionEnabled: false, pageLoadStrategy: normal, platform: XP, platformName: XP, proxy: Proxy(), setWindowRect: true, strictFileInteractability: false, timeouts: {implicit: 0, pageLoad: 300000, script: 30000}, unhandledPromptBehavior: dismiss and notify}Session ID: 1762570dc5b8d539af3f645c3761ee97at org.openqa.selenium.remote.http.W3CHttpResponseCodec.createException(W3CHttpResponseCodec.java:187)at org.openqa.selenium.remote.http.W3CHttpResponseCodec.decode(W3CHttpResponseCodec.java:122)at org.openqa.selenium.remote.http.W3CHttpResponseCodec.decode(W3CHttpResponseCodec.java:49)at org.openqa.selenium.remote.HttpCommandExecutor.execute(HttpCommandExecutor.java:158)at org.openqa.selenium.remote.service.DriverCommandExecutor.execute(DriverCommandExecutor.java:83)at org.openqa.selenium.remote.RemoteWebDriver.execute(RemoteWebDriver.java:552)at org.openqa.selenium.remote.RemoteWebElement.execute(RemoteWebElement.java:285)at org.openqa.selenium.remote.RemoteWebElement.click(RemoteWebElement.java:84)at tests.OldSmokeTests.ValidateAudioCablesCategory(OldSmokeTests.java:127)... Removed 30 stack frames]]>
    </failure>
  </testcase> <!-- ValidateAudioCablesCategory -->
  <testcase classname="tests.OldSmokeTests" name="ValidateFavoriteIcon" time="0.0">
    <ignored/>
  </testcase> <!-- ValidateFavoriteIcon -->
  <testcase classname="tests.OldSmokeTests" name="ValidatePAPage" time="0.0">
    <ignored/>
  </testcase> <!-- ValidatePAPage -->
  <testcase classname="tests.OldSmokeTests" name="ValidateCheckoutProcess" time="0.0">
    <ignored/>
  </testcase> <!-- ValidateCheckoutProcess -->
  <testcase classname="tests.OldSmokeTests" name="ValidateSpecialOffer" time="0.0">
    <ignored/>
  </testcase> <!-- ValidateSpecialOffer -->
  <testcase classname="tests.OldSmokeTests" name="ValidateFooterLinks" time="0.0">
    <ignored/>
  </testcase> <!-- ValidateFooterLinks -->
  <testcase classname="tests.OldSmokeTests" name="ValidateSearching" time="0.0">
    <ignored/>
  </testcase> <!-- ValidateSearching -->
  <testcase classname="tests.OldSmokeTests" name="ValidateordersPage" time="0.0">
    <ignored/>
  </testcase> <!-- ValidateordersPage -->
  <testcase classname="tests.OldSmokeTests" name="ValidateAddTofavorites" time="0.0">
    <ignored/>
  </testcase> <!-- ValidateAddTofavorites -->
  <testcase classname="tests.OldSmokeTests" name="ValidateStandardsCatalog" time="0.0">
    <ignored/>
  </testcase> <!-- ValidateStandardsCatalog -->
  <testcase classname="tests.OldSmokeTests" name="ValidateFooterLogo" time="0.0">
    <ignored/>
  </testcase> <!-- ValidateFooterLogo -->
  <testcase classname="tests.OldSmokeTests" name="ValidateCheckoutFooterLogo" time="0.0">
    <ignored/>
  </testcase> <!-- ValidateCheckoutFooterLogo -->
  <testcase classname="tests.OldSmokeTests" name="ValidateAllProduct" time="0.0">
    <ignored/>
  </testcase> <!-- ValidateAllProduct -->
  <testcase classname="tests.OldSmokeTests" name="ValidateAddToCart" time="0.0">
    <ignored/>
  </testcase> <!-- ValidateAddToCart -->
  <testcase classname="tests.OldSmokeTests" name="ValidateCalendarPage" time="0.0">
    <ignored/>
  </testcase> <!-- ValidateCalendarPage -->
  <testcase classname="tests.OldSmokeTests" name="ValidateStandardsCatalogDetail" time="0.0">
    <ignored/>
  </testcase> <!-- ValidateStandardsCatalogDetail -->
  <testcase classname="tests.OldSmokeTests" name="ValidateAllReportsLinks" time="0.0">
    <ignored/>
  </testcase> <!-- ValidateAllReportsLinks -->
  <testcase classname="tests.OldSmokeTests" name="ValidateCartPage" time="0.0">
    <ignored/>
  </testcase> <!-- ValidateCartPage -->
  <testcase classname="tests.OldSmokeTests" name="ValidatePDPandAddToCart" time="0.0">
    <ignored/>
  </testcase> <!-- ValidatePDPandAddToCart -->
  <testcase classname="tests.OldSmokeTests" name="ValidateHeaderLogo" time="0.0">
    <ignored/>
  </testcase> <!-- ValidateHeaderLogo -->
  <testcase classname="tests.OldSmokeTests" name="ValidateResources" time="0.0">
    <ignored/>
  </testcase> <!-- ValidateResources -->
  <testcase classname="tests.OldSmokeTests" name="ValidateTrackpage" time="0.0">
    <ignored/>
  </testcase> <!-- ValidateTrackpage -->
  <testcase classname="tests.OldSmokeTests" name="ValidateMyProfNavigation" time="0.0">
    <ignored/>
  </testcase> <!-- ValidateMyProfNavigation -->
  <testcase classname="tests.OldSmokeTests" name="ValidateCheckoutHeaderLogo" time="0.0">
    <ignored/>
  </testcase> <!-- ValidateCheckoutHeaderLogo -->
  <testcase classname="tests.OldSmokeTests" name="ValidateRecentViewLink" time="0.0">
    <ignored/>
  </testcase> <!-- ValidateRecentViewLink -->
  <testcase classname="tests.OldSmokeTests" name="ValidatePAEmail" time="0.0">
    <ignored/>
  </testcase> <!-- ValidatePAEmail -->
  <testcase classname="tests.OldSmokeTests" name="ValidateSavedReports" time="0.0">
    <ignored/>
  </testcase> <!-- ValidateSavedReports -->
  <testcase classname="tests.OldSmokeTests" name="ValidateComparePage" time="0.0">
    <ignored/>
  </testcase> <!-- ValidateComparePage -->
  <testcase classname="tests.OldSmokeTests" name="ValidateRemoveFromCart" time="0.0">
    <ignored/>
  </testcase> <!-- ValidateRemoveFromCart -->
</testsuite> <!-- Validate Smoke Tests -->
