<!DOCTYPE html PUBLIC "-//W3C//DTD XHTML 1.1//EN" "http://www.w3.org/TR/xhtml11/DTD/xhtml11.dtd">
<html xmlns="http://www.w3.org/1999/xhtml">
<head>
<meta http-equiv="content-type" content="text/html; charset=UTF-8"/>
<title>TestNG Report</title>
<style type="text/css">table {margin-bottom:10px;border-collapse:collapse;empty-cells:show}th,td {border:1px solid #009;padding:.25em .5em}th {vertical-align:bottom}td {vertical-align:top}table a {font-weight:bold}.stripe td {background-color: #E6EBF9}.num {text-align:right}.passedodd td {background-color: #3F3}.passedeven td {background-color: #0A0}.skippedodd td {background-color: #DDD}.skippedeven td {background-color: #CCC}.failedodd td,.attn {background-color: #F33}.failedeven td,.stripe .attn {background-color: #D00}.stacktrace {white-space:pre;font-family:monospace}.totop {font-size:85%;text-align:center;border-bottom:2px solid #000}.invisible {display:none}</style>
</head>
<body>
<table>
<tr><th>Test</th><th># Passed</th><th># Skipped</th><th># Failed</th><th>Time (ms)</th><th>Included Groups</th><th>Excluded Groups</th></tr>
<tr><th colspan="7">SmokeTestSuite</th></tr>
<tr><td><a href="#t0">Validate Smoke Tests</a></td><td class="num">6</td><td class="num">0</td><td class="num attn">9</td><td class="num">866,142</td><td></td><td></td></tr>
</table>
<table id='summary'><thead><tr><th>Class</th><th>Method</th><th>Start</th><th>Time (ms)</th></tr></thead><tbody><tr><th colspan="4">SmokeTestSuite</th></tr></tbody><tbody id="t0"><tr><th colspan="4">Validate Smoke Tests &#8212; failed</th></tr><tr class="failedeven"><td rowspan="9">tests.SmokeTestsSuite3</td><td><a href="#m0">AllProductScenario1</a></td><td rowspan="1">1641471685924</td><td rowspan="1">31531</td></tr><tr class="failedeven"><td><a href="#m1">AllProductSubCategory</a></td><td rowspan="1">1641471717457</td><td rowspan="1">44593</td></tr><tr class="failedeven"><td><a href="#m2">AllProductViewAllCategories</a></td><td rowspan="1">1641471762052</td><td rowspan="1">44622</td></tr><tr class="failedeven"><td><a href="#m3">CreatePARAfterQUOTE</a></td><td rowspan="1">1641471072056</td><td rowspan="1">238</td></tr><tr class="failedeven"><td><a href="#m4">Create_quote_FromProductListing</a></td><td rowspan="1">1641471026986</td><td rowspan="1">39797</td></tr><tr class="failedeven"><td><a href="#m5">PONum_clickable</a></td><td rowspan="1">1641471066789</td><td rowspan="1">5266</td></tr><tr class="failedeven"><td><a href="#m6">Validate_Email_button</a></td><td rowspan="1">1641471507943</td><td rowspan="1">15289</td></tr><tr class="failedeven"><td><a href="#m7">Validate_download_button</a></td><td rowspan="1">1641471462983</td><td rowspan="1">44959</td></tr><tr class="failedeven"><td><a href="#m8">VerifyCreateOrderAfterQUOTE</a></td><td rowspan="1">1641471315768</td><td rowspan="1">117072</td></tr><tr><th colspan="4">Validate Smoke Tests &#8212; passed</th></tr><tr class="passedeven"><td rowspan="6">tests.SmokeTestsSuite3</td><td><a href="#m9">Contact_us</a></td><td rowspan="1">1641471585933</td><td rowspan="1">99988</td></tr><tr class="passedeven"><td><a href="#m10">Request_quote</a></td><td rowspan="1">1641470940554</td><td rowspan="1">86425</td></tr><tr class="passedeven"><td><a href="#m11">Validate_Delete_button</a></td><td rowspan="1">1641471523233</td><td rowspan="1">62699</td></tr><tr class="passedeven"><td><a href="#m12">VerifyCreateOrderandDeleteQuoteButton</a></td><td rowspan="1">1641471432844</td><td rowspan="1">30137</td></tr><tr class="passedeven"><td><a href="#m13">VerifyEditQuote</a></td><td rowspan="1">1641471072295</td><td rowspan="1">110641</td></tr><tr class="passedeven"><td><a href="#m14">VerifymultipleproductsinQuote</a></td><td rowspan="1">1641471182936</td><td rowspan="1">132829</td></tr></tbody>
</table>
<h2>Validate Smoke Tests</h2><h3 id="m0">tests.SmokeTestsSuite3#AllProductScenario1</h3><table class="result"><tr class="param"><th>Parameter #1</th></tr><tr class="param stripe"><td>http://markitplace-qa.arpatech.com/</td></tr><tr><th>Exception</th></tr><tr><td><div class="stacktrace">java.lang.AssertionError: Failed{&quot;errorMessage&quot;:&quot;Unable to find element with xpath &apos;//*[@class=&apos;product-list-grid clearfix print-product-list pro-list grid&apos;]/div[@data-position=&apos;2&apos;]/a&apos;&quot;,&quot;request&quot;:{&quot;headers&quot;:{&quot;Accept-Encoding&quot;:&quot;gzip&quot;,&quot;Connection&quot;:&quot;Keep-Alive&quot;,&quot;Content-Length&quot;:&quot;156&quot;,&quot;Content-Type&quot;:&quot;application/json; charset=utf-8&quot;,&quot;Host&quot;:&quot;localhost:36815&quot;,&quot;User-Agent&quot;:&quot;selenium/3.141.59 (java windows)&quot;},&quot;httpVersion&quot;:&quot;1.1&quot;,&quot;method&quot;:&quot;POST&quot;,&quot;post&quot;:&quot;{\n  \&quot;using\&quot;: \&quot;xpath\&quot;,\n  \&quot;value\&quot;: \&quot;\\u002f\\u002f*[@class=&apos;product-list-grid clearfix print-product-list pro-list grid&apos;]\\u002fdiv[@data-position=&apos;2&apos;]\\u002fa\&quot;\n}&quot;,&quot;url&quot;:&quot;/element&quot;,&quot;urlParsed&quot;:{&quot;anchor&quot;:&quot;&quot;,&quot;query&quot;:&quot;&quot;,&quot;file&quot;:&quot;element&quot;,&quot;directory&quot;:&quot;/&quot;,&quot;path&quot;:&quot;/element&quot;,&quot;relative&quot;:&quot;/element&quot;,&quot;port&quot;:&quot;&quot;,&quot;host&quot;:&quot;&quot;,&quot;password&quot;:&quot;&quot;,&quot;user&quot;:&quot;&quot;,&quot;userInfo&quot;:&quot;&quot;,&quot;authority&quot;:&quot;&quot;,&quot;protocol&quot;:&quot;&quot;,&quot;source&quot;:&quot;/element&quot;,&quot;queryKey&quot;:{},&quot;chunks&quot;:[&quot;element&quot;]},&quot;urlOriginal&quot;:&quot;/session/6ea9f470-6ee9-11ec-aa7f-2580660bc661/element&quot;}}
Command duration or timeout: 0 milliseconds expected [true] but found [false]
	at tests.SmokeTestsSuite3.AllProductScenario1(SmokeTestsSuite3.java:1519)
... Removed 28 stack frames</div></td></tr></table><p class="totop"><a href="#summary">back to summary</a></p>
<h3 id="m1">tests.SmokeTestsSuite3#AllProductSubCategory</h3><table class="result"><tr class="param"><th>Parameter #1</th></tr><tr class="param stripe"><td>http://markitplace-qa.arpatech.com/</td></tr><tr><th>Exception</th></tr><tr><td><div class="stacktrace">java.lang.AssertionError: Failed{&quot;errorMessage&quot;:&quot;Unable to find element with xpath &apos;//*[@class=&apos;submenu-right&apos;]/div[@data-tertiary-nav-id=&apos;cables&apos;]//ul[1]/li[1]/a&apos;&quot;,&quot;request&quot;:{&quot;headers&quot;:{&quot;Accept-Encoding&quot;:&quot;gzip&quot;,&quot;Connection&quot;:&quot;Keep-Alive&quot;,&quot;Content-Length&quot;:&quot;150&quot;,&quot;Content-Type&quot;:&quot;application/json; charset=utf-8&quot;,&quot;Host&quot;:&quot;localhost:36815&quot;,&quot;User-Agent&quot;:&quot;selenium/3.141.59 (java windows)&quot;},&quot;httpVersion&quot;:&quot;1.1&quot;,&quot;method&quot;:&quot;POST&quot;,&quot;post&quot;:&quot;{\n  \&quot;using\&quot;: \&quot;xpath\&quot;,\n  \&quot;value\&quot;: \&quot;\\u002f\\u002f*[@class=&apos;submenu-right&apos;]\\u002fdiv[@data-tertiary-nav-id=&apos;cables&apos;]\\u002f\\u002ful[1]\\u002fli[1]\\u002fa\&quot;\n}&quot;,&quot;url&quot;:&quot;/element&quot;,&quot;urlParsed&quot;:{&quot;anchor&quot;:&quot;&quot;,&quot;query&quot;:&quot;&quot;,&quot;file&quot;:&quot;element&quot;,&quot;directory&quot;:&quot;/&quot;,&quot;path&quot;:&quot;/element&quot;,&quot;relative&quot;:&quot;/element&quot;,&quot;port&quot;:&quot;&quot;,&quot;host&quot;:&quot;&quot;,&quot;password&quot;:&quot;&quot;,&quot;user&quot;:&quot;&quot;,&quot;userInfo&quot;:&quot;&quot;,&quot;authority&quot;:&quot;&quot;,&quot;protocol&quot;:&quot;&quot;,&quot;source&quot;:&quot;/element&quot;,&quot;queryKey&quot;:{},&quot;chunks&quot;:[&quot;element&quot;]},&quot;urlOriginal&quot;:&quot;/session/6ea9f470-6ee9-11ec-aa7f-2580660bc661/element&quot;}}
Command duration or timeout: 0 milliseconds expected [true] but found [false]
	at tests.SmokeTestsSuite3.AllProductSubCategory(SmokeTestsSuite3.java:1678)
... Removed 28 stack frames</div></td></tr></table><p class="totop"><a href="#summary">back to summary</a></p>
<h3 id="m2">tests.SmokeTestsSuite3#AllProductViewAllCategories</h3><table class="result"><tr class="param"><th>Parameter #1</th></tr><tr class="param stripe"><td>http://markitplace-qa.arpatech.com/</td></tr><tr><th>Exception</th></tr><tr><td><div class="stacktrace">java.lang.AssertionError: Failed{&quot;errorMessage&quot;:&quot;Unable to find element with xpath &apos;//*[@class=&apos;all-products-grid clearfix&apos;]//li[2]/a[contains(text(),&apos;Audio Cables&apos;)]&apos;&quot;,&quot;request&quot;:{&quot;headers&quot;:{&quot;Accept-Encoding&quot;:&quot;gzip&quot;,&quot;Connection&quot;:&quot;Keep-Alive&quot;,&quot;Content-Length&quot;:&quot;144&quot;,&quot;Content-Type&quot;:&quot;application/json; charset=utf-8&quot;,&quot;Host&quot;:&quot;localhost:36815&quot;,&quot;User-Agent&quot;:&quot;selenium/3.141.59 (java windows)&quot;},&quot;httpVersion&quot;:&quot;1.1&quot;,&quot;method&quot;:&quot;POST&quot;,&quot;post&quot;:&quot;{\n  \&quot;using\&quot;: \&quot;xpath\&quot;,\n  \&quot;value\&quot;: \&quot;\\u002f\\u002f*[@class=&apos;all-products-grid clearfix&apos;]\\u002f\\u002fli[2]\\u002fa[contains(text(),&apos;Audio Cables&apos;)]\&quot;\n}&quot;,&quot;url&quot;:&quot;/element&quot;,&quot;urlParsed&quot;:{&quot;anchor&quot;:&quot;&quot;,&quot;query&quot;:&quot;&quot;,&quot;file&quot;:&quot;element&quot;,&quot;directory&quot;:&quot;/&quot;,&quot;path&quot;:&quot;/element&quot;,&quot;relative&quot;:&quot;/element&quot;,&quot;port&quot;:&quot;&quot;,&quot;host&quot;:&quot;&quot;,&quot;password&quot;:&quot;&quot;,&quot;user&quot;:&quot;&quot;,&quot;userInfo&quot;:&quot;&quot;,&quot;authority&quot;:&quot;&quot;,&quot;protocol&quot;:&quot;&quot;,&quot;source&quot;:&quot;/element&quot;,&quot;queryKey&quot;:{},&quot;chunks&quot;:[&quot;element&quot;]},&quot;urlOriginal&quot;:&quot;/session/6ea9f470-6ee9-11ec-aa7f-2580660bc661/element&quot;}}
Command duration or timeout: 0 milliseconds expected [true] but found [false]
	at tests.SmokeTestsSuite3.AllProductViewAllCategories(SmokeTestsSuite3.java:1825)
... Removed 28 stack frames</div></td></tr></table><p class="totop"><a href="#summary">back to summary</a></p>
<h3 id="m3">tests.SmokeTestsSuite3#CreatePARAfterQUOTE</h3><table class="result"><tr><th>Exception</th></tr><tr><td><div class="stacktrace">org.openqa.selenium.NoSuchElementException: {&quot;errorMessage&quot;:&quot;Unable to find element with xpath &apos;//*[@id=&apos;track-quotes&apos;]//*[@class=&apos;btn btn-default&apos;][contains(text(),&apos;Create PAR&apos;)]&apos;&quot;,&quot;request&quot;:{&quot;headers&quot;:{&quot;Accept-Encoding&quot;:&quot;gzip&quot;,&quot;Connection&quot;:&quot;Keep-Alive&quot;,&quot;Content-Length&quot;:&quot;140&quot;,&quot;Content-Type&quot;:&quot;application/json; charset=utf-8&quot;,&quot;Host&quot;:&quot;localhost:36815&quot;,&quot;User-Agent&quot;:&quot;selenium/3.141.59 (java windows)&quot;},&quot;httpVersion&quot;:&quot;1.1&quot;,&quot;method&quot;:&quot;POST&quot;,&quot;post&quot;:&quot;{\n  \&quot;using\&quot;: \&quot;xpath\&quot;,\n  \&quot;value\&quot;: \&quot;\\u002f\\u002f*[@id=&apos;track-quotes&apos;]\\u002f\\u002f*[@class=&apos;btn btn-default&apos;][contains(text(),&apos;Create PAR&apos;)]\&quot;\n}&quot;,&quot;url&quot;:&quot;/element&quot;,&quot;urlParsed&quot;:{&quot;anchor&quot;:&quot;&quot;,&quot;query&quot;:&quot;&quot;,&quot;file&quot;:&quot;element&quot;,&quot;directory&quot;:&quot;/&quot;,&quot;path&quot;:&quot;/element&quot;,&quot;relative&quot;:&quot;/element&quot;,&quot;port&quot;:&quot;&quot;,&quot;host&quot;:&quot;&quot;,&quot;password&quot;:&quot;&quot;,&quot;user&quot;:&quot;&quot;,&quot;userInfo&quot;:&quot;&quot;,&quot;authority&quot;:&quot;&quot;,&quot;protocol&quot;:&quot;&quot;,&quot;source&quot;:&quot;/element&quot;,&quot;queryKey&quot;:{},&quot;chunks&quot;:[&quot;element&quot;]},&quot;urlOriginal&quot;:&quot;/session/6ea9f470-6ee9-11ec-aa7f-2580660bc661/element&quot;}}
Command duration or timeout: 0 milliseconds
	at org.openqa.selenium.remote.ErrorHandler.createThrowable(ErrorHandler.java:214)
	at org.openqa.selenium.remote.ErrorHandler.throwIfResponseFailed(ErrorHandler.java:166)
	at org.openqa.selenium.remote.http.JsonHttpResponseCodec.reconstructValue(JsonHttpResponseCodec.java:40)
	at org.openqa.selenium.remote.http.AbstractHttpResponseCodec.decode(AbstractHttpResponseCodec.java:80)
	at org.openqa.selenium.remote.http.AbstractHttpResponseCodec.decode(AbstractHttpResponseCodec.java:44)
	at org.openqa.selenium.remote.HttpCommandExecutor.execute(HttpCommandExecutor.java:158)
	at org.openqa.selenium.phantomjs.PhantomJSCommandExecutor.execute(PhantomJSCommandExecutor.java:82)
	at org.openqa.selenium.remote.RemoteWebDriver.execute(RemoteWebDriver.java:552)
	at org.openqa.selenium.remote.RemoteWebDriver.findElement(RemoteWebDriver.java:323)
	at org.openqa.selenium.remote.RemoteWebDriver.findElementByXPath(RemoteWebDriver.java:428)
	at org.openqa.selenium.By$ByXPath.findElement(By.java:353)
	at org.openqa.selenium.remote.RemoteWebDriver.findElement(RemoteWebDriver.java:315)
	at Track_Quotes.QuoteDetail.GetCreateParAftQuote(QuoteDetail.java:177)
	at tests.SmokeTestsSuite3.CreatePARAfterQUOTE(SmokeTestsSuite3.java:412)
Caused by: org.openqa.selenium.remote.ScreenshotException: Screen shot has been taken
	at org.openqa.selenium.remote.ErrorHandler.throwIfResponseFailed(ErrorHandler.java:140)
	... 37 more
Caused by: org.openqa.selenium.NoSuchElementException: {&quot;errorMessage&quot;:&quot;Unable to find element with xpath &apos;//*[@id=&apos;track-quotes&apos;]//*[@class=&apos;btn btn-default&apos;][contains(text(),&apos;Create PAR&apos;)]&apos;&quot;,&quot;request&quot;:{&quot;headers&quot;:{&quot;Accept-Encoding&quot;:&quot;gzip&quot;,&quot;Connection&quot;:&quot;Keep-Alive&quot;,&quot;Content-Length&quot;:&quot;140&quot;,&quot;Content-Type&quot;:&quot;application/json; charset=utf-8&quot;,&quot;Host&quot;:&quot;localhost:36815&quot;,&quot;User-Agent&quot;:&quot;selenium/3.141.59 (java windows)&quot;},&quot;httpVersion&quot;:&quot;1.1&quot;,&quot;method&quot;:&quot;POST&quot;,&quot;post&quot;:&quot;{\n  \&quot;using\&quot;: \&quot;xpath\&quot;,\n  \&quot;value\&quot;: \&quot;\\u002f\\u002f*[@id=&apos;track-quotes&apos;]\\u002f\\u002f*[@class=&apos;btn btn-default&apos;][contains(text(),&apos;Create PAR&apos;)]\&quot;\n}&quot;,&quot;url&quot;:&quot;/element&quot;,&quot;urlParsed&quot;:{&quot;anchor&quot;:&quot;&quot;,&quot;query&quot;:&quot;&quot;,&quot;file&quot;:&quot;element&quot;,&quot;directory&quot;:&quot;/&quot;,&quot;path&quot;:&quot;/element&quot;,&quot;relative&quot;:&quot;/element&quot;,&quot;port&quot;:&quot;&quot;,&quot;host&quot;:&quot;&quot;,&quot;password&quot;:&quot;&quot;,&quot;user&quot;:&quot;&quot;,&quot;userInfo&quot;:&quot;&quot;,&quot;authority&quot;:&quot;&quot;,&quot;protocol&quot;:&quot;&quot;,&quot;source&quot;:&quot;/element&quot;,&quot;queryKey&quot;:{},&quot;chunks&quot;:[&quot;element&quot;]},&quot;urlOriginal&quot;:&quot;/session/6ea9f470-6ee9-11ec-aa7f-2580660bc661/element&quot;}}
For documentation on this error, please visit: https://www.seleniumhq.org/exceptions/no_such_element.html
Build info: version: &apos;3.141.59&apos;, revision: &apos;e82be7d358&apos;, time: &apos;2018-11-14T08:17:03&apos;
System info: host: &apos;ARP-435&apos;, ip: &apos;10.10.0.18&apos;, os.name: &apos;Windows 10&apos;, os.arch: &apos;amd64&apos;, os.version: &apos;10.0&apos;, java.version: &apos;16.0.1&apos;
Driver info: driver.version: unknown
... Removed 30 stack frames</div></td></tr></table><p class="totop"><a href="#summary">back to summary</a></p>
<h3 id="m4">tests.SmokeTestsSuite3#Create_quote_FromProductListing</h3><table class="result"><tr class="param"><th>Parameter #1</th></tr><tr class="param stripe"><td>http://markitplace-qa.arpatech.com/</td></tr><tr><th>Exception</th></tr><tr><td><div class="stacktrace">java.lang.ArrayIndexOutOfBoundsException: Index 5 out of bounds for length 5
	at tests.SmokeTestsSuite3.Create_quote_FromProductListing(SmokeTestsSuite3.java:242)
... Removed 25 stack frames</div></td></tr></table><p class="totop"><a href="#summary">back to summary</a></p>
<h3 id="m5">tests.SmokeTestsSuite3#PONum_clickable</h3><table class="result"><tr><th>Exception</th></tr><tr><td><div class="stacktrace">org.openqa.selenium.NoSuchElementException: {&quot;errorMessage&quot;:&quot;Unable to find element with xpath &apos;//*[@class=&apos;order-confirmation-container&apos;]//span[@class=&apos;detail-info po-number blue&apos;]&apos;&quot;,&quot;request&quot;:{&quot;headers&quot;:{&quot;Accept-Encoding&quot;:&quot;gzip&quot;,&quot;Connection&quot;:&quot;Keep-Alive&quot;,&quot;Content-Length&quot;:&quot;142&quot;,&quot;Content-Type&quot;:&quot;application/json; charset=utf-8&quot;,&quot;Host&quot;:&quot;localhost:36815&quot;,&quot;User-Agent&quot;:&quot;selenium/3.141.59 (java windows)&quot;},&quot;httpVersion&quot;:&quot;1.1&quot;,&quot;method&quot;:&quot;POST&quot;,&quot;post&quot;:&quot;{\n  \&quot;using\&quot;: \&quot;xpath\&quot;,\n  \&quot;value\&quot;: \&quot;\\u002f\\u002f*[@class=&apos;order-confirmation-container&apos;]\\u002f\\u002fspan[@class=&apos;detail-info po-number blue&apos;]\&quot;\n}&quot;,&quot;url&quot;:&quot;/element&quot;,&quot;urlParsed&quot;:{&quot;anchor&quot;:&quot;&quot;,&quot;query&quot;:&quot;&quot;,&quot;file&quot;:&quot;element&quot;,&quot;directory&quot;:&quot;/&quot;,&quot;path&quot;:&quot;/element&quot;,&quot;relative&quot;:&quot;/element&quot;,&quot;port&quot;:&quot;&quot;,&quot;host&quot;:&quot;&quot;,&quot;password&quot;:&quot;&quot;,&quot;user&quot;:&quot;&quot;,&quot;userInfo&quot;:&quot;&quot;,&quot;authority&quot;:&quot;&quot;,&quot;protocol&quot;:&quot;&quot;,&quot;source&quot;:&quot;/element&quot;,&quot;queryKey&quot;:{},&quot;chunks&quot;:[&quot;element&quot;]},&quot;urlOriginal&quot;:&quot;/session/6ea9f470-6ee9-11ec-aa7f-2580660bc661/element&quot;}}
Command duration or timeout: 0 milliseconds
	at org.openqa.selenium.remote.ErrorHandler.createThrowable(ErrorHandler.java:214)
	at org.openqa.selenium.remote.ErrorHandler.throwIfResponseFailed(ErrorHandler.java:166)
	at org.openqa.selenium.remote.http.JsonHttpResponseCodec.reconstructValue(JsonHttpResponseCodec.java:40)
	at org.openqa.selenium.remote.http.AbstractHttpResponseCodec.decode(AbstractHttpResponseCodec.java:80)
	at org.openqa.selenium.remote.http.AbstractHttpResponseCodec.decode(AbstractHttpResponseCodec.java:44)
	at org.openqa.selenium.remote.HttpCommandExecutor.execute(HttpCommandExecutor.java:158)
	at org.openqa.selenium.phantomjs.PhantomJSCommandExecutor.execute(PhantomJSCommandExecutor.java:82)
	at org.openqa.selenium.remote.RemoteWebDriver.execute(RemoteWebDriver.java:552)
	at org.openqa.selenium.remote.RemoteWebDriver.findElement(RemoteWebDriver.java:323)
	at org.openqa.selenium.remote.RemoteWebDriver.findElementByXPath(RemoteWebDriver.java:428)
	at org.openqa.selenium.By$ByXPath.findElement(By.java:353)
	at org.openqa.selenium.remote.RemoteWebDriver.findElement(RemoteWebDriver.java:315)
	at Track_Quotes.QuoteDetail.GetPONum(QuoteDetail.java:169)
	at tests.SmokeTestsSuite3.PONum_clickable(SmokeTestsSuite3.java:381)
Caused by: org.openqa.selenium.remote.ScreenshotException: Screen shot has been taken
	at org.openqa.selenium.remote.ErrorHandler.throwIfResponseFailed(ErrorHandler.java:140)
	... 37 more
Caused by: org.openqa.selenium.NoSuchElementException: {&quot;errorMessage&quot;:&quot;Unable to find element with xpath &apos;//*[@class=&apos;order-confirmation-container&apos;]//span[@class=&apos;detail-info po-number blue&apos;]&apos;&quot;,&quot;request&quot;:{&quot;headers&quot;:{&quot;Accept-Encoding&quot;:&quot;gzip&quot;,&quot;Connection&quot;:&quot;Keep-Alive&quot;,&quot;Content-Length&quot;:&quot;142&quot;,&quot;Content-Type&quot;:&quot;application/json; charset=utf-8&quot;,&quot;Host&quot;:&quot;localhost:36815&quot;,&quot;User-Agent&quot;:&quot;selenium/3.141.59 (java windows)&quot;},&quot;httpVersion&quot;:&quot;1.1&quot;,&quot;method&quot;:&quot;POST&quot;,&quot;post&quot;:&quot;{\n  \&quot;using\&quot;: \&quot;xpath\&quot;,\n  \&quot;value\&quot;: \&quot;\\u002f\\u002f*[@class=&apos;order-confirmation-container&apos;]\\u002f\\u002fspan[@class=&apos;detail-info po-number blue&apos;]\&quot;\n}&quot;,&quot;url&quot;:&quot;/element&quot;,&quot;urlParsed&quot;:{&quot;anchor&quot;:&quot;&quot;,&quot;query&quot;:&quot;&quot;,&quot;file&quot;:&quot;element&quot;,&quot;directory&quot;:&quot;/&quot;,&quot;path&quot;:&quot;/element&quot;,&quot;relative&quot;:&quot;/element&quot;,&quot;port&quot;:&quot;&quot;,&quot;host&quot;:&quot;&quot;,&quot;password&quot;:&quot;&quot;,&quot;user&quot;:&quot;&quot;,&quot;userInfo&quot;:&quot;&quot;,&quot;authority&quot;:&quot;&quot;,&quot;protocol&quot;:&quot;&quot;,&quot;source&quot;:&quot;/element&quot;,&quot;queryKey&quot;:{},&quot;chunks&quot;:[&quot;element&quot;]},&quot;urlOriginal&quot;:&quot;/session/6ea9f470-6ee9-11ec-aa7f-2580660bc661/element&quot;}}
For documentation on this error, please visit: https://www.seleniumhq.org/exceptions/no_such_element.html
Build info: version: &apos;3.141.59&apos;, revision: &apos;e82be7d358&apos;, time: &apos;2018-11-14T08:17:03&apos;
System info: host: &apos;ARP-435&apos;, ip: &apos;10.10.0.18&apos;, os.name: &apos;Windows 10&apos;, os.arch: &apos;amd64&apos;, os.version: &apos;10.0&apos;, java.version: &apos;16.0.1&apos;
Driver info: driver.version: unknown
... Removed 30 stack frames</div></td></tr></table><p class="totop"><a href="#summary">back to summary</a></p>
<h3 id="m6">tests.SmokeTestsSuite3#Validate_Email_button</h3><table class="result"><tr><th>Exception</th></tr><tr><td><div class="stacktrace">java.lang.AssertionError: Failed{&quot;errorMessage&quot;:&quot;Unable to find element with xpath &apos;//*[@class=&apos;product-list-actions&apos;]//a[text()=&apos;Email&apos;]&apos;&quot;,&quot;request&quot;:{&quot;headers&quot;:{&quot;Accept-Encoding&quot;:&quot;gzip&quot;,&quot;Connection&quot;:&quot;Keep-Alive&quot;,&quot;Content-Length&quot;:&quot;110&quot;,&quot;Content-Type&quot;:&quot;application/json; charset=utf-8&quot;,&quot;Host&quot;:&quot;localhost:36815&quot;,&quot;User-Agent&quot;:&quot;selenium/3.141.59 (java windows)&quot;},&quot;httpVersion&quot;:&quot;1.1&quot;,&quot;method&quot;:&quot;POST&quot;,&quot;post&quot;:&quot;{\n  \&quot;using\&quot;: \&quot;xpath\&quot;,\n  \&quot;value\&quot;: \&quot;\\u002f\\u002f*[@class=&apos;product-list-actions&apos;]\\u002f\\u002fa[text()=&apos;Email&apos;]\&quot;\n}&quot;,&quot;url&quot;:&quot;/element&quot;,&quot;urlParsed&quot;:{&quot;anchor&quot;:&quot;&quot;,&quot;query&quot;:&quot;&quot;,&quot;file&quot;:&quot;element&quot;,&quot;directory&quot;:&quot;/&quot;,&quot;path&quot;:&quot;/element&quot;,&quot;relative&quot;:&quot;/element&quot;,&quot;port&quot;:&quot;&quot;,&quot;host&quot;:&quot;&quot;,&quot;password&quot;:&quot;&quot;,&quot;user&quot;:&quot;&quot;,&quot;userInfo&quot;:&quot;&quot;,&quot;authority&quot;:&quot;&quot;,&quot;protocol&quot;:&quot;&quot;,&quot;source&quot;:&quot;/element&quot;,&quot;queryKey&quot;:{},&quot;chunks&quot;:[&quot;element&quot;]},&quot;urlOriginal&quot;:&quot;/session/6ea9f470-6ee9-11ec-aa7f-2580660bc661/element&quot;}}
Command duration or timeout: 0 milliseconds expected [true] but found [false]
	at tests.SmokeTestsSuite3.Validate_Email_button(SmokeTestsSuite3.java:1233)
... Removed 28 stack frames</div></td></tr></table><p class="totop"><a href="#summary">back to summary</a></p>
<h3 id="m7">tests.SmokeTestsSuite3#Validate_download_button</h3><table class="result"><tr class="param"><th>Parameter #1</th></tr><tr class="param stripe"><td>http://markitplace-qa.arpatech.com/</td></tr><tr><th>Exception</th></tr><tr><td><div class="stacktrace">java.lang.ArrayIndexOutOfBoundsException: Index 5 out of bounds for length 5
	at tests.SmokeTestsSuite3.Validate_download_button(SmokeTestsSuite3.java:1050)
... Removed 25 stack frames</div></td></tr></table><p class="totop"><a href="#summary">back to summary</a></p>
<h3 id="m8">tests.SmokeTestsSuite3#VerifyCreateOrderAfterQUOTE</h3><table class="result"><tr class="param"><th>Parameter #1</th></tr><tr class="param stripe"><td>http://markitplace-qa.arpatech.com/</td></tr><tr><th>Exception</th></tr><tr><td><div class="stacktrace">java.lang.AssertionError: Failed{&quot;errorMessage&quot;:&quot;Unable to find element with xpath &apos;//a[@class=&apos;btn btn-primary use-this-address&apos;]&apos;&quot;,&quot;request&quot;:{&quot;headers&quot;:{&quot;Accept-Encoding&quot;:&quot;gzip&quot;,&quot;Connection&quot;:&quot;Keep-Alive&quot;,&quot;Content-Length&quot;:&quot;93&quot;,&quot;Content-Type&quot;:&quot;application/json; charset=utf-8&quot;,&quot;Host&quot;:&quot;localhost:36815&quot;,&quot;User-Agent&quot;:&quot;selenium/3.141.59 (java windows)&quot;},&quot;httpVersion&quot;:&quot;1.1&quot;,&quot;method&quot;:&quot;POST&quot;,&quot;post&quot;:&quot;{\n  \&quot;using\&quot;: \&quot;xpath\&quot;,\n  \&quot;value\&quot;: \&quot;\\u002f\\u002fa[@class=&apos;btn btn-primary use-this-address&apos;]\&quot;\n}&quot;,&quot;url&quot;:&quot;/element&quot;,&quot;urlParsed&quot;:{&quot;anchor&quot;:&quot;&quot;,&quot;query&quot;:&quot;&quot;,&quot;file&quot;:&quot;element&quot;,&quot;directory&quot;:&quot;/&quot;,&quot;path&quot;:&quot;/element&quot;,&quot;relative&quot;:&quot;/element&quot;,&quot;port&quot;:&quot;&quot;,&quot;host&quot;:&quot;&quot;,&quot;password&quot;:&quot;&quot;,&quot;user&quot;:&quot;&quot;,&quot;userInfo&quot;:&quot;&quot;,&quot;authority&quot;:&quot;&quot;,&quot;protocol&quot;:&quot;&quot;,&quot;source&quot;:&quot;/element&quot;,&quot;queryKey&quot;:{},&quot;chunks&quot;:[&quot;element&quot;]},&quot;urlOriginal&quot;:&quot;/session/6ea9f470-6ee9-11ec-aa7f-2580660bc661/element&quot;}}
Command duration or timeout: 0 milliseconds expected [true] but found [false]
	at tests.SmokeTestsSuite3.VerifyCreateOrderAfterQUOTE(SmokeTestsSuite3.java:751)
... Removed 28 stack frames</div></td></tr></table><p class="totop"><a href="#summary">back to summary</a></p>
<h3 id="m9">tests.SmokeTestsSuite3#Contact_us</h3><table class="result"><tr class="param"><th>Parameter #1</th></tr><tr class="param stripe"><td>http://markitplace-qa.arpatech.com/</td></tr></table><p class="totop"><a href="#summary">back to summary</a></p>
<h3 id="m10">tests.SmokeTestsSuite3#Request_quote</h3><table class="result"><tr class="param"><th>Parameter #1</th><th>Parameter #2</th><th>Parameter #3</th></tr><tr class="param stripe"><td>arpatech1@connection.com</td><td>Arp@tech5</td><td>http://markitplace-qa.arpatech.com/</td></tr></table><p class="totop"><a href="#summary">back to summary</a></p>
<h3 id="m11">tests.SmokeTestsSuite3#Validate_Delete_button</h3><table class="result"><tr class="param"><th>Parameter #1</th></tr><tr class="param stripe"><td>http://markitplace-qa.arpatech.com/</td></tr></table><p class="totop"><a href="#summary">back to summary</a></p>
<h3 id="m12">tests.SmokeTestsSuite3#VerifyCreateOrderandDeleteQuoteButton</h3><table class="result"><tr class="param"><th>Parameter #1</th></tr><tr class="param stripe"><td>http://markitplace-qa.arpatech.com/</td></tr></table><p class="totop"><a href="#summary">back to summary</a></p>
<h3 id="m13">tests.SmokeTestsSuite3#VerifyEditQuote</h3><table class="result"><tr><th class="invisible"/></tr></table><p class="totop"><a href="#summary">back to summary</a></p>
<h3 id="m14">tests.SmokeTestsSuite3#VerifymultipleproductsinQuote</h3><table class="result"><tr><th class="invisible"/></tr></table><p class="totop"><a href="#summary">back to summary</a></p>
</body>
</html>
