<?xml version="1.0" encoding="UTF-8"?>
<!-- Generated by org.testng.reporters.JUnitReportReporter -->
<testsuite hostname="DESKTOP-GAH683G" failures="1" tests="29" name="smokeTestFirefox.ValidateSmokeTest" time="517.096" errors="0" timestamp="16 Mar 2018 10:09:53 GMT">
  <testcase classname="smokeTestFirefox.ValidateSmokeTest" name="ValidateCheckoutHeaderLogo" time="4.174"/>
  <testcase classname="smokeTestFirefox.ValidateSmokeTest" name="ValidateFavoriteIcon" time="53.557"/>
  <testcase classname="smokeTestFirefox.ValidateSmokeTest" name="ValidateSavedReports" time="6.590"/>
  <testcase classname="smokeTestFirefox.ValidateSmokeTest" name="ValidatePurchaseAnalysisPage" time="4.599"/>
  <testcase classname="smokeTestFirefox.ValidateSmokeTest" name="ValidateResources" time="9.806"/>
  <testcase classname="smokeTestFirefox.ValidateSmokeTest" name="ValidateTrackpage" time="6.315"/>
  <testcase classname="smokeTestFirefox.ValidateSmokeTest" name="ValidateHeaderLogo" time="5.068"/>
  <testcase classname="smokeTestFirefox.ValidateSmokeTest" name="ValidateStandardsCatalog" time="5.077"/>
  <testcase classname="smokeTestFirefox.ValidateSmokeTest" name="ValidateAudioCablesCategory" time="11.557"/>
  <testcase classname="smokeTestFirefox.ValidateSmokeTest" name="ValidateCalendarLinks" time="14.466"/>
  <testcase classname="smokeTestFirefox.ValidateSmokeTest" name="ValidateordersPage" time="10.355"/>
  <testcase classname="smokeTestFirefox.ValidateSmokeTest" name="ValidateCheckoutFooterLogo" time="3.614"/>
  <testcase classname="smokeTestFirefox.ValidateSmokeTest" name="ValidatePAEmail" time="1.882"/>
  <testcase classname="smokeTestFirefox.ValidateSmokeTest" name="ValidateAddToCart" time="14.389"/>
  <testcase classname="smokeTestFirefox.ValidateSmokeTest" name="ValidateFooterLogo" time="4.828"/>
  <testcase classname="smokeTestFirefox.ValidateSmokeTest" name="ValidateMyProfNavigation" time="7.776"/>
  <testcase classname="smokeTestFirefox.ValidateSmokeTest" name="ValidateSearching" time="13.066"/>
  <testcase classname="smokeTestFirefox.ValidateSmokeTest" name="ValidateCheckoutProcess" time="28.700"/>
  <testcase classname="smokeTestFirefox.ValidateSmokeTest" name="ValidateAllReportsLinks" time="178.240">
    <failure message="Expected condition failed: waiting for element to be clickable: [[FirefoxDriver: firefox on ANY (bad546d0-eafe-486b-9e79-9b52e7e38f24)] -&gt; xpath: (//a[text()=&#039;Receiving Log&#039;])[3]] (tried for 100 second(s) with 500 MILLISECONDS interval)
Build info: version: &#039;3.4.0&#039;, revision: &#039;unknown&#039;, time: &#039;unknown&#039;
System info: host: &#039;DESKTOP-GAH683G&#039;, ip: &#039;10.0.2.15&#039;, os.name: &#039;Windows 10&#039;, os.arch: &#039;amd64&#039;, os.version: &#039;10.0&#039;, java.version: &#039;9.0.1&#039;
Driver info: org.openqa.selenium.firefox.FirefoxDriver
Capabilities [{moz:profile=C:\Users\bilaw\AppData\Local\Temp\rust_mozprofile.b60270ilwOLH, rotatable=false, timeouts={implicit=0.0, pageLoad=300000.0, script=30000.0}, pageLoadStrategy=normal, moz:headless=false, platform=ANY, moz:accessibilityChecks=false, moz:useNonSpecCompliantPointerOrigin=false, acceptInsecureCerts=false, browserVersion=59.0, platformVersion=10.0, moz:processID=3064.0, browserName=firefox, javascriptEnabled=true, platformName=windows_nt, moz:webdriverClick=true}]
Session ID: bad546d0-eafe-486b-9e79-9b52e7e38f24" type="org.openqa.selenium.TimeoutException">
      <![CDATA[org.openqa.selenium.TimeoutException: Expected condition failed: waiting for element to be clickable: [[FirefoxDriver: firefox on ANY (bad546d0-eafe-486b-9e79-9b52e7e38f24)] -> xpath: (//a[text()='Receiving Log'])[3]] (tried for 100 second(s) with 500 MILLISECONDS interval)
Build info: version: '3.4.0', revision: 'unknown', time: 'unknown'
System info: host: 'DESKTOP-GAH683G', ip: '10.0.2.15', os.name: 'Windows 10', os.arch: 'amd64', os.version: '10.0', java.version: '9.0.1'
Driver info: org.openqa.selenium.firefox.FirefoxDriver
Capabilities [{moz:profile=C:\Users\bilaw\AppData\Local\Temp\rust_mozprofile.b60270ilwOLH, rotatable=false, timeouts={implicit=0.0, pageLoad=300000.0, script=30000.0}, pageLoadStrategy=normal, moz:headless=false, platform=ANY, moz:accessibilityChecks=false, moz:useNonSpecCompliantPointerOrigin=false, acceptInsecureCerts=false, browserVersion=59.0, platformVersion=10.0, moz:processID=3064.0, browserName=firefox, javascriptEnabled=true, platformName=windows_nt, moz:webdriverClick=true}]
Session ID: bad546d0-eafe-486b-9e79-9b52e7e38f24
	at org.openqa.selenium.support.ui.WebDriverWait.timeoutException(WebDriverWait.java:80)
	at org.openqa.selenium.support.ui.FluentWait.until(FluentWait.java:232)
	at smokeTestFirefox.ValidateSmokeTest.ValidateAllReportsLinks(ValidateSmokeTest.java:1148)
	at java.base/jdk.internal.reflect.NativeMethodAccessorImpl.invoke0(Native Method)
	at java.base/jdk.internal.reflect.NativeMethodAccessorImpl.invoke(NativeMethodAccessorImpl.java:62)
	at java.base/jdk.internal.reflect.DelegatingMethodAccessorImpl.invoke(DelegatingMethodAccessorImpl.java:43)
	at java.base/java.lang.reflect.Method.invoke(Method.java:564)
	at org.testng.internal.MethodInvocationHelper.invokeMethod(MethodInvocationHelper.java:80)
	at org.testng.internal.Invoker.invokeMethod(Invoker.java:714)
	at org.testng.internal.Invoker.invokeTestMethod(Invoker.java:901)
	at org.testng.internal.Invoker.invokeTestMethods(Invoker.java:1231)
	at org.testng.internal.TestMethodWorker.invokeTestMethods(TestMethodWorker.java:127)
	at org.testng.internal.TestMethodWorker.run(TestMethodWorker.java:111)
	at org.testng.TestRunner.privateRun(TestRunner.java:767)
	at org.testng.TestRunner.run(TestRunner.java:617)
	at org.testng.SuiteRunner.runTest(SuiteRunner.java:334)
	at org.testng.SuiteRunner.runSequentially(SuiteRunner.java:329)
	at org.testng.SuiteRunner.privateRun(SuiteRunner.java:291)
	at org.testng.SuiteRunner.run(SuiteRunner.java:240)
	at org.testng.SuiteRunnerWorker.runSuite(SuiteRunnerWorker.java:52)
	at org.testng.SuiteRunnerWorker.run(SuiteRunnerWorker.java:86)
	at org.testng.TestNG.runSuitesSequentially(TestNG.java:1198)
	at org.testng.TestNG.runSuitesLocally(TestNG.java:1123)
	at org.testng.TestNG.run(TestNG.java:1031)
	at org.testng.remote.AbstractRemoteTestNG.run(AbstractRemoteTestNG.java:114)
	at org.testng.remote.RemoteTestNG.initAndRun(RemoteTestNG.java:251)
	at org.testng.remote.RemoteTestNG.main(RemoteTestNG.java:77)
]]>
    </failure>
  </testcase> <!-- ValidateAllReportsLinks -->
  <testcase classname="smokeTestFirefox.ValidateSmokeTest" name="ValidateAllProduct" time="5.085"/>
  <testcase classname="smokeTestFirefox.ValidateSmokeTest" name="ValidateLogin" time="42.039"/>
  <testcase classname="smokeTestFirefox.ValidateSmokeTest" name="ValidateAddTofavorites" time="2.726"/>
  <testcase classname="smokeTestFirefox.ValidateSmokeTest" name="ValidatePDP" time="15.786"/>
  <testcase classname="smokeTestFirefox.ValidateSmokeTest" name="ValidateCartPage" time="9.609"/>
  <testcase classname="smokeTestFirefox.ValidateSmokeTest" name="ValidateRemoveFromCart" time="8.717"/>
  <testcase classname="smokeTestFirefox.ValidateSmokeTest" name="ValidateCalendarPage" time="9.824"/>
  <testcase classname="smokeTestFirefox.ValidateSmokeTest" name="ValidateSpecialOffer" time="7.546"/>
  <testcase classname="smokeTestFirefox.ValidateSmokeTest" name="ValidateRecentViewLink" time="3.329"/>
  <testcase classname="smokeTestFirefox.ValidateSmokeTest" name="ValidateFooterLinks" time="28.376"/>
</testsuite> <!-- smokeTestFirefox.ValidateSmokeTest -->
