<?xml version="1.0" encoding="UTF-8"?>
<!-- Generated by org.testng.reporters.JUnitReportReporter -->
<testsuite hostname="ARP-435" failures="0" tests="30" name="tests.OldSmokeTests" time="130.769" errors="1" timestamp="15 Jul 2021 06:15:14 GMT" skipped="28">
  <testcase classname="tests.OldSmokeTests" name="ValidateLogin" time="110.288"/>
  <testcase classname="tests.OldSmokeTests" name="ValidateAudioCablesCategory" time="20.481">
    <error message="element not interactable
  (Session info: chrome=78.0.3904.70)
Build info: version: &#039;3.141.59&#039;, revision: &#039;e82be7d358&#039;, time: &#039;2018-11-14T08:17:03&#039;
System info: host: &#039;ARP-435&#039;, ip: &#039;10.10.0.26&#039;, os.name: &#039;Windows 10&#039;, os.arch: &#039;amd64&#039;, os.version: &#039;10.0&#039;, java.version: &#039;16.0.1&#039;
Driver info: org.openqa.selenium.chrome.ChromeDriver
Capabilities {acceptInsecureCerts: false, browserName: chrome, browserVersion: 78.0.3904.70, chrome: {chromedriverVersion: 78.0.3904.70 (edb9c9f3de024..., userDataDir: C:\Users\AYER~1.SHU\AppData...}, goog:chromeOptions: {debuggerAddress: localhost:52957}, javascriptEnabled: true, networkConnectionEnabled: false, pageLoadStrategy: normal, platform: XP, platformName: XP, proxy: Proxy(), setWindowRect: true, strictFileInteractability: false, timeouts: {implicit: 0, pageLoad: 300000, script: 30000}, unhandledPromptBehavior: dismiss and notify}
Session ID: 1762570dc5b8d539af3f645c3761ee97" type="org.openqa.selenium.ElementNotInteractableException">
      <![CDATA[org.openqa.selenium.ElementNotInteractableException: element not interactable  (Session info: chrome=78.0.3904.70)Build info: version: '3.141.59', revision: 'e82be7d358', time: '2018-11-14T08:17:03'System info: host: 'ARP-435', ip: '10.10.0.26', os.name: 'Windows 10', os.arch: 'amd64', os.version: '10.0', java.version: '16.0.1'Driver info: org.openqa.selenium.chrome.ChromeDriverCapabilities {acceptInsecureCerts: false, browserName: chrome, browserVersion: 78.0.3904.70, chrome: {chromedriverVersion: 78.0.3904.70 (edb9c9f3de024..., userDataDir: C:\Users\AYER~1.SHU\AppData...}, goog:chromeOptions: {debuggerAddress: localhost:52957}, javascriptEnabled: true, networkConnectionEnabled: false, pageLoadStrategy: normal, platform: XP, platformName: XP, proxy: Proxy(), setWindowRect: true, strictFileInteractability: false, timeouts: {implicit: 0, pageLoad: 300000, script: 30000}, unhandledPromptBehavior: dismiss and notify}Session ID: 1762570dc5b8d539af3f645c3761ee97at java.base/jdk.internal.reflect.NativeConstructorAccessorImpl.newInstance0(Native Method)at java.base/jdk.internal.reflect.NativeConstructorAccessorImpl.newInstance(NativeConstructorAccessorImpl.java:78)at java.base/jdk.internal.reflect.DelegatingConstructorAccessorImpl.newInstance(DelegatingConstructorAccessorImpl.java:45)at java.base/java.lang.reflect.Constructor.newInstanceWithCaller(Constructor.java:499)at java.base/java.lang.reflect.Constructor.newInstance(Constructor.java:480)at org.openqa.selenium.remote.http.W3CHttpResponseCodec.createException(W3CHttpResponseCodec.java:187)at org.openqa.selenium.remote.http.W3CHttpResponseCodec.decode(W3CHttpResponseCodec.java:122)at org.openqa.selenium.remote.http.W3CHttpResponseCodec.decode(W3CHttpResponseCodec.java:49)at org.openqa.selenium.remote.HttpCommandExecutor.execute(HttpCommandExecutor.java:158)at org.openqa.selenium.remote.service.DriverCommandExecutor.execute(DriverCommandExecutor.java:83)at org.openqa.selenium.remote.RemoteWebDriver.execute(RemoteWebDriver.java:552)at org.openqa.selenium.remote.RemoteWebElement.execute(RemoteWebElement.java:285)at org.openqa.selenium.remote.RemoteWebElement.click(RemoteWebElement.java:84)at tests.OldSmokeTests.ValidateAudioCablesCategory(OldSmokeTests.java:127)at java.base/jdk.internal.reflect.NativeMethodAccessorImpl.invoke0(Native Method)at java.base/jdk.internal.reflect.NativeMethodAccessorImpl.invoke(NativeMethodAccessorImpl.java:78)at java.base/jdk.internal.reflect.DelegatingMethodAccessorImpl.invoke(DelegatingMethodAccessorImpl.java:43)at java.base/java.lang.reflect.Method.invoke(Method.java:567)at org.testng.internal.MethodInvocationHelper.invokeMethod(MethodInvocationHelper.java:124)at org.testng.internal.Invoker.invokeMethod(Invoker.java:571)at org.testng.internal.Invoker.invokeTestMethod(Invoker.java:707)at org.testng.internal.Invoker.invokeTestMethods(Invoker.java:979)at org.testng.internal.TestMethodWorker.invokeTestMethods(TestMethodWorker.java:125)at org.testng.internal.TestMethodWorker.run(TestMethodWorker.java:109)at org.testng.TestRunner.privateRun(TestRunner.java:648)at org.testng.TestRunner.run(TestRunner.java:505)at org.testng.SuiteRunner.runTest(SuiteRunner.java:455)at org.testng.SuiteRunner.runSequentially(SuiteRunner.java:450)at org.testng.SuiteRunner.privateRun(SuiteRunner.java:415)at org.testng.SuiteRunner.run(SuiteRunner.java:364)at org.testng.SuiteRunnerWorker.runSuite(SuiteRunnerWorker.java:52)at org.testng.SuiteRunnerWorker.run(SuiteRunnerWorker.java:84)at org.testng.TestNG.runSuitesSequentially(TestNG.java:1187)at org.testng.TestNG.runSuitesLocally(TestNG.java:1116)at org.testng.TestNG.runSuites(TestNG.java:1028)at org.testng.TestNG.run(TestNG.java:996)at org.testng.remote.AbstractRemoteTestNG.run(AbstractRemoteTestNG.java:115)at org.testng.remote.RemoteTestNG.initAndRun(RemoteTestNG.java:251)at org.testng.remote.RemoteTestNG.main(RemoteTestNG.java:77)]]>
    </error>
  </testcase> <!-- ValidateAudioCablesCategory -->
  <testcase classname="tests.OldSmokeTests" name="ValidateFavoriteIcon">
    <skipped/>
  </testcase> <!-- ValidateFavoriteIcon -->
  <testcase classname="tests.OldSmokeTests" name="ValidatePAPage">
    <skipped/>
  </testcase> <!-- ValidatePAPage -->
  <testcase classname="tests.OldSmokeTests" name="ValidateCheckoutProcess">
    <skipped/>
  </testcase> <!-- ValidateCheckoutProcess -->
  <testcase classname="tests.OldSmokeTests" name="ValidateSpecialOffer">
    <skipped/>
  </testcase> <!-- ValidateSpecialOffer -->
  <testcase classname="tests.OldSmokeTests" name="ValidateFooterLinks">
    <skipped/>
  </testcase> <!-- ValidateFooterLinks -->
  <testcase classname="tests.OldSmokeTests" name="ValidateSearching">
    <skipped/>
  </testcase> <!-- ValidateSearching -->
  <testcase classname="tests.OldSmokeTests" name="ValidateordersPage">
    <skipped/>
  </testcase> <!-- ValidateordersPage -->
  <testcase classname="tests.OldSmokeTests" name="ValidateAddTofavorites">
    <skipped/>
  </testcase> <!-- ValidateAddTofavorites -->
  <testcase classname="tests.OldSmokeTests" name="ValidateStandardsCatalog">
    <skipped/>
  </testcase> <!-- ValidateStandardsCatalog -->
  <testcase classname="tests.OldSmokeTests" name="ValidateFooterLogo">
    <skipped/>
  </testcase> <!-- ValidateFooterLogo -->
  <testcase classname="tests.OldSmokeTests" name="ValidateCheckoutFooterLogo">
    <skipped/>
  </testcase> <!-- ValidateCheckoutFooterLogo -->
  <testcase classname="tests.OldSmokeTests" name="ValidateAllProduct">
    <skipped/>
  </testcase> <!-- ValidateAllProduct -->
  <testcase classname="tests.OldSmokeTests" name="ValidateAddToCart">
    <skipped/>
  </testcase> <!-- ValidateAddToCart -->
  <testcase classname="tests.OldSmokeTests" name="ValidateCalendarPage">
    <skipped/>
  </testcase> <!-- ValidateCalendarPage -->
  <testcase classname="tests.OldSmokeTests" name="ValidateStandardsCatalogDetail">
    <skipped/>
  </testcase> <!-- ValidateStandardsCatalogDetail -->
  <testcase classname="tests.OldSmokeTests" name="ValidateAllReportsLinks">
    <skipped/>
  </testcase> <!-- ValidateAllReportsLinks -->
  <testcase classname="tests.OldSmokeTests" name="ValidateCartPage">
    <skipped/>
  </testcase> <!-- ValidateCartPage -->
  <testcase classname="tests.OldSmokeTests" name="ValidatePDPandAddToCart">
    <skipped/>
  </testcase> <!-- ValidatePDPandAddToCart -->
  <testcase classname="tests.OldSmokeTests" name="ValidateHeaderLogo">
    <skipped/>
  </testcase> <!-- ValidateHeaderLogo -->
  <testcase classname="tests.OldSmokeTests" name="ValidateResources">
    <skipped/>
  </testcase> <!-- ValidateResources -->
  <testcase classname="tests.OldSmokeTests" name="ValidateTrackpage">
    <skipped/>
  </testcase> <!-- ValidateTrackpage -->
  <testcase classname="tests.OldSmokeTests" name="ValidateMyProfNavigation">
    <skipped/>
  </testcase> <!-- ValidateMyProfNavigation -->
  <testcase classname="tests.OldSmokeTests" name="ValidateCheckoutHeaderLogo">
    <skipped/>
  </testcase> <!-- ValidateCheckoutHeaderLogo -->
  <testcase classname="tests.OldSmokeTests" name="ValidateRecentViewLink">
    <skipped/>
  </testcase> <!-- ValidateRecentViewLink -->
  <testcase classname="tests.OldSmokeTests" name="ValidatePAEmail">
    <skipped/>
  </testcase> <!-- ValidatePAEmail -->
  <testcase classname="tests.OldSmokeTests" name="ValidateSavedReports">
    <skipped/>
  </testcase> <!-- ValidateSavedReports -->
  <testcase classname="tests.OldSmokeTests" name="ValidateComparePage">
    <skipped/>
  </testcase> <!-- ValidateComparePage -->
  <testcase classname="tests.OldSmokeTests" name="ValidateRemoveFromCart">
    <skipped/>
  </testcase> <!-- ValidateRemoveFromCart -->
</testsuite> <!-- tests.OldSmokeTests -->
