<?xml version="1.0" encoding="UTF-8"?>
<!-- Generated by org.testng.reporters.JUnitReportReporter -->
<testsuite hostname="ARP-435" failures="0" tests="17" name="tests.SmokeTestsSuite" time="660.661" errors="2" timestamp="01 Oct 2021 05:44:29 GMT" skipped="10">
  <testcase classname="tests.SmokeTestsSuite" name="Validate_Checkout_PAR" time="216.155"/>
  <testcase classname="tests.SmokeTestsSuite" name="Validate_Checkout_PAR_FromPARCredential" time="170.687"/>
  <testcase classname="tests.SmokeTestsSuite" name="Validate_PAR_listingPage" time="30.615"/>
  <testcase classname="tests.SmokeTestsSuite" name="Validate_PAR_Approval_FromAGPurchaser" time="103.969"/>
  <testcase classname="tests.SmokeTestsSuite" name="Validate_PAR_Approval_FromAGApproval" time="139.233"/>
  <testcase classname="tests.SmokeTestsSuite" name="Validate_PAR_Approval_Scenario2" time="0.001">
    <error message="Session ID is null. Using WebDriver after calling quit()?
Build info: version: &#039;3.141.59&#039;, revision: &#039;e82be7d358&#039;, time: &#039;2018-11-14T08:17:03&#039;
System info: host: &#039;ARP-435&#039;, ip: &#039;192.168.15.125&#039;, os.name: &#039;Windows 10&#039;, os.arch: &#039;amd64&#039;, os.version: &#039;10.0&#039;, java.version: &#039;16.0.1&#039;
Driver info: driver.version: RemoteWebDriver" type="org.openqa.selenium.NoSuchSessionException">
      <![CDATA[org.openqa.selenium.NoSuchSessionException: Session ID is null. Using WebDriver after calling quit()?Build info: version: '3.141.59', revision: 'e82be7d358', time: '2018-11-14T08:17:03'System info: host: 'ARP-435', ip: '192.168.15.125', os.name: 'Windows 10', os.arch: 'amd64', os.version: '10.0', java.version: '16.0.1'Driver info: driver.version: RemoteWebDriverat org.openqa.selenium.remote.HttpCommandExecutor.execute(HttpCommandExecutor.java:125)at org.openqa.selenium.remote.service.DriverCommandExecutor.execute(DriverCommandExecutor.java:83)at org.openqa.selenium.remote.RemoteWebDriver.execute(RemoteWebDriver.java:552)at org.openqa.selenium.remote.RemoteWebDriver.get(RemoteWebDriver.java:277)at tests.SmokeTestsSuite.Validate_PAR_Approval_Scenario2(SmokeTestsSuite.java:679)at java.base/jdk.internal.reflect.NativeMethodAccessorImpl.invoke0(Native Method)at java.base/jdk.internal.reflect.NativeMethodAccessorImpl.invoke(NativeMethodAccessorImpl.java:78)at java.base/jdk.internal.reflect.DelegatingMethodAccessorImpl.invoke(DelegatingMethodAccessorImpl.java:43)at java.base/java.lang.reflect.Method.invoke(Method.java:567)at org.testng.internal.MethodInvocationHelper.invokeMethod(MethodInvocationHelper.java:124)at org.testng.internal.Invoker.invokeMethod(Invoker.java:571)at org.testng.internal.Invoker.invokeTestMethod(Invoker.java:707)at org.testng.internal.Invoker.invokeTestMethods(Invoker.java:979)at org.testng.internal.TestMethodWorker.invokeTestMethods(TestMethodWorker.java:125)at org.testng.internal.TestMethodWorker.run(TestMethodWorker.java:109)at org.testng.TestRunner.privateRun(TestRunner.java:648)at org.testng.TestRunner.run(TestRunner.java:505)at org.testng.SuiteRunner.runTest(SuiteRunner.java:455)at org.testng.SuiteRunner.runSequentially(SuiteRunner.java:450)at org.testng.SuiteRunner.privateRun(SuiteRunner.java:415)at org.testng.SuiteRunner.run(SuiteRunner.java:364)at org.testng.SuiteRunnerWorker.runSuite(SuiteRunnerWorker.java:52)at org.testng.SuiteRunnerWorker.run(SuiteRunnerWorker.java:84)at org.testng.TestNG.runSuitesSequentially(TestNG.java:1187)at org.testng.TestNG.runSuitesLocally(TestNG.java:1116)at org.testng.TestNG.runSuites(TestNG.java:1028)at org.testng.TestNG.run(TestNG.java:996)at org.testng.remote.AbstractRemoteTestNG.run(AbstractRemoteTestNG.java:115)at org.testng.remote.RemoteTestNG.initAndRun(RemoteTestNG.java:251)at org.testng.remote.RemoteTestNG.main(RemoteTestNG.java:77)]]>
    </error>
  </testcase> <!-- Validate_PAR_Approval_Scenario2 -->
  <testcase classname="tests.SmokeTestsSuite" name="Validate_PAR_Approval_Scenario3" time="0.001">
    <error message="Session ID is null. Using WebDriver after calling quit()?
Build info: version: &#039;3.141.59&#039;, revision: &#039;e82be7d358&#039;, time: &#039;2018-11-14T08:17:03&#039;
System info: host: &#039;ARP-435&#039;, ip: &#039;192.168.15.125&#039;, os.name: &#039;Windows 10&#039;, os.arch: &#039;amd64&#039;, os.version: &#039;10.0&#039;, java.version: &#039;16.0.1&#039;
Driver info: driver.version: RemoteWebDriver" type="org.openqa.selenium.NoSuchSessionException">
      <![CDATA[org.openqa.selenium.NoSuchSessionException: Session ID is null. Using WebDriver after calling quit()?Build info: version: '3.141.59', revision: 'e82be7d358', time: '2018-11-14T08:17:03'System info: host: 'ARP-435', ip: '192.168.15.125', os.name: 'Windows 10', os.arch: 'amd64', os.version: '10.0', java.version: '16.0.1'Driver info: driver.version: RemoteWebDriverat org.openqa.selenium.remote.HttpCommandExecutor.execute(HttpCommandExecutor.java:125)at org.openqa.selenium.remote.service.DriverCommandExecutor.execute(DriverCommandExecutor.java:83)at org.openqa.selenium.remote.RemoteWebDriver.execute(RemoteWebDriver.java:552)at org.openqa.selenium.remote.RemoteWebDriver.get(RemoteWebDriver.java:277)at tests.SmokeTestsSuite.Validate_PAR_Approval_Scenario3(SmokeTestsSuite.java:955)at java.base/jdk.internal.reflect.NativeMethodAccessorImpl.invoke0(Native Method)at java.base/jdk.internal.reflect.NativeMethodAccessorImpl.invoke(NativeMethodAccessorImpl.java:78)at java.base/jdk.internal.reflect.DelegatingMethodAccessorImpl.invoke(DelegatingMethodAccessorImpl.java:43)at java.base/java.lang.reflect.Method.invoke(Method.java:567)at org.testng.internal.MethodInvocationHelper.invokeMethod(MethodInvocationHelper.java:124)at org.testng.internal.Invoker.invokeMethod(Invoker.java:571)at org.testng.internal.Invoker.invokeTestMethod(Invoker.java:707)at org.testng.internal.Invoker.invokeTestMethods(Invoker.java:979)at org.testng.internal.TestMethodWorker.invokeTestMethods(TestMethodWorker.java:125)at org.testng.internal.TestMethodWorker.run(TestMethodWorker.java:109)at org.testng.TestRunner.privateRun(TestRunner.java:648)at org.testng.TestRunner.run(TestRunner.java:505)at org.testng.SuiteRunner.runTest(SuiteRunner.java:455)at org.testng.SuiteRunner.runSequentially(SuiteRunner.java:450)at org.testng.SuiteRunner.privateRun(SuiteRunner.java:415)at org.testng.SuiteRunner.run(SuiteRunner.java:364)at org.testng.SuiteRunnerWorker.runSuite(SuiteRunnerWorker.java:52)at org.testng.SuiteRunnerWorker.run(SuiteRunnerWorker.java:84)at org.testng.TestNG.runSuitesSequentially(TestNG.java:1187)at org.testng.TestNG.runSuitesLocally(TestNG.java:1116)at org.testng.TestNG.runSuites(TestNG.java:1028)at org.testng.TestNG.run(TestNG.java:996)at org.testng.remote.AbstractRemoteTestNG.run(AbstractRemoteTestNG.java:115)at org.testng.remote.RemoteTestNG.initAndRun(RemoteTestNG.java:251)at org.testng.remote.RemoteTestNG.main(RemoteTestNG.java:77)]]>
    </error>
  </testcase> <!-- Validate_PAR_Approval_Scenario3 -->
  <testcase classname="tests.SmokeTestsSuite" name="Validate_Comparative_analysis_page">
    <skipped/>
  </testcase> <!-- Validate_Comparative_analysis_page -->
  <testcase classname="tests.SmokeTestsSuite" name="ValidateOrderListingPage">
    <skipped/>
  </testcase> <!-- ValidateOrderListingPage -->
  <testcase classname="tests.SmokeTestsSuite" name="Validate_UserMgmt_listingPage">
    <skipped/>
  </testcase> <!-- Validate_UserMgmt_listingPage -->
  <testcase classname="tests.SmokeTestsSuite" name="Validate_placing_Quotes">
    <skipped/>
  </testcase> <!-- Validate_placing_Quotes -->
  <testcase classname="tests.SmokeTestsSuite" name="ValidatePDP_email">
    <skipped/>
  </testcase> <!-- ValidatePDP_email -->
  <testcase classname="tests.SmokeTestsSuite" name="Validate_PunchOut_CheckoutProcess">
    <skipped/>
  </testcase> <!-- Validate_PunchOut_CheckoutProcess -->
  <testcase classname="tests.SmokeTestsSuite" name="Validate_PlaceOrder_CreditCard">
    <skipped/>
  </testcase> <!-- Validate_PlaceOrder_CreditCard -->
  <testcase classname="tests.SmokeTestsSuite" name="Validate_brands_page">
    <skipped/>
  </testcase> <!-- Validate_brands_page -->
  <testcase classname="tests.SmokeTestsSuite" name="ValidateQuoteListingPage">
    <skipped/>
  </testcase> <!-- ValidateQuoteListingPage -->
  <testcase classname="tests.SmokeTestsSuite" name="ValidateplaceOrder">
    <skipped/>
  </testcase> <!-- ValidateplaceOrder -->
</testsuite> <!-- tests.SmokeTestsSuite -->
